N 4 k 2 opt 1.33333333333333 avg 1.33333 excess 0 dia 2
N 4 k 3 opt 1 avg 1 excess 0 dia 1
N 5 k 2 opt 1.5 avg 1.5 excess 0 dia 2
N 5 k 4 opt 1 avg 1 excess 0 dia 1
N 6 k 2 opt 1.8 avg 1.8 excess 0 dia 3
N 6 k 3 opt 1.4 avg 1.4 excess 0 dia 2
N 6 k 4 opt 1.2 avg 1.2 excess 0 dia 2
N 6 k 5 opt 1 avg 1 excess 0 dia 1
N 7 k 2 opt 2 avg 2 excess 0 dia 3
N 7 k 4 opt 1.33333333333333 avg 1.33333 excess 0 dia 2
N 7 k 6 opt 1 avg 1 excess 0 dia 1
N 8 k 2 opt 2.28571428571429 avg 2.28571 excess 0 dia 4
N 8 k 3 opt 1.57142857142857 avg 1.57142857142857 excess 0 dia 2
N 8 k 4 opt 1.42857142857143 avg 1.42857 excess 0 dia 2
N 8 k 5 opt 1.28571428571429 avg 1.28571 excess 0 dia 2
N 8 k 6 opt 1.14285714285714 avg 1.14285714285714 excess 0 dia 2
N 8 k 7 opt 1 avg 1 excess 0 dia 1
N 9 k 2 opt 2.5 avg 2.5 excess 0 dia 4
N 9 k 4 opt 1.5 avg 1.5 excess 0 dia 2
N 9 k 6 opt 1.25 avg 1.25 excess 0 dia 2
N 9 k 8 opt 1 avg 1 excess 0 dia 1
N 10 k 2 opt 2.77777777777778 avg 2.77778 excess 0 dia 5
N 10 k 3 opt 1.66666666666667 avg 1.66666666666667 excess 0 dia 2
N 10 k 4 opt 1.55555555555556 avg 1.55555555555556 excess 0 dia 2
N 10 k 5 opt 1.44444444444444 avg 1.44444 excess 0 dia 2
N 10 k 6 opt 1.33333333333333 avg 1.33333 excess 0 dia 2
N 10 k 7 opt 1.22222222222222 avg 1.22222 excess 0 dia 2
N 10 k 8 opt 1.11111111111111 avg 1.11111 excess 0 dia 2
N 10 k 9 opt 1 avg 1 excess 0 dia 1
N 11 k 2 opt 3 avg 3 excess 0 dia 5
N 11 k 4 opt 1.6 avg 1.6 excess 0 dia 2
N 11 k 6 opt 1.4 avg 1.4 excess 0 dia 2
N 11 k 8 opt 1.2 avg 1.2 excess 0 dia 2
N 11 k 10 opt 1 avg 1 excess 0 dia 1
N 12 k 2 opt 3.27272727272727 avg 3.27273 excess 0 dia 6
N 12 k 3 opt 1.90909090909091 avg 1.90909 excess 0 dia 3
N 12 k 4 opt 1.63636363636364 avg 1.63636 excess 0 dia 2
N 12 k 5 opt 1.54545454545455 avg 1.54545 excess 0 dia 2
N 12 k 6 opt 1.45454545454545 avg 1.45454545454545 excess 0 dia 2
N 12 k 7 opt 1.36363636363636 avg 1.36363636363636 excess 0 dia 2
N 12 k 8 opt 1.27272727272727 avg 1.27272727272727 excess 0 dia 2
N 12 k 9 opt 1.18181818181818 avg 1.18181818181818 excess 0 dia 2
N 12 k 10 opt 1.09090909090909 avg 1.09090909090909 excess 0 dia 2
N 12 k 11 opt 1 avg 1 excess 0 dia 1
N 13 k 2 opt 3.5 avg 3.5 excess 0 dia 6
N 13 k 4 opt 1.66666666666667 avg 1.66666666666667 excess 0 dia 2
N 13 k 6 opt 1.5 avg 1.5 excess 0 dia 2
N 13 k 8 opt 1.33333333333333 avg 1.33333 excess 0 dia 2
N 13 k 10 opt 1.16666666666667 avg 1.16666666666667 excess 0 dia 2
N 13 k 12 opt 1 avg 1 excess 0 dia 1
N 14 k 2 opt 3.76923076923077 avg 3.76923 excess 0 dia 7
N 14 k 3 opt 2.07692307692308 avg 2.07692 excess 0 dia 3
N 14 k 4 opt 1.69230769230769 avg 1.69230769230769 excess 0 dia 2
N 14 k 5 opt 1.61538461538462 avg 1.61538 excess 0 dia 2
N 14 k 6 opt 1.53846153846154 avg 1.53846 excess 0 dia 2
N 14 k 7 opt 1.46153846153846 avg 1.46153846153846 excess 0 dia 2
N 14 k 8 opt 1.38461538461538 avg 1.38461538461538 excess 0 dia 2
N 14 k 9 opt 1.30769230769231 avg 1.30769 excess 0 dia 2
N 14 k 10 opt 1.23076923076923 avg 1.23076923076923 excess 0 dia 2
N 14 k 11 opt 1.15384615384615 avg 1.15384615384615 excess 0 dia 2
N 14 k 12 opt 1.07692307692308 avg 1.07692 excess 0 dia 2
N 14 k 13 opt 1 avg 1 excess 0 dia 1
N 15 k 2 opt 4 avg 4 excess 0 dia 7
N 15 k 4 opt 1.71428571428571 avg 1.71428571428571 excess 0 dia 2
N 15 k 6 opt 1.57142857142857 avg 1.57142857142857 excess 0 dia 2
N 15 k 8 opt 1.42857142857143 avg 1.42857 excess 0 dia 2
N 15 k 10 opt 1.28571428571429 avg 1.28571 excess 0 dia 2
N 15 k 12 opt 1.14285714285714 avg 1.14285714285714 excess 0 dia 2
N 15 k 14 opt 1 avg 1 excess 0 dia 1
N 16 k 2 opt 4.26666666666667 avg 4.26667 excess 0 dia 8
N 16 k 3 opt 2.2 avg 2.2 excess 0 dia 3
N 16 k 4 opt 1.73333333333333 avg 1.75 excess 2 dia 3
N 16 k 5 opt 1.66666666666667 avg 1.66666666666667 excess 0 dia 2
N 16 k 6 opt 1.6 avg 1.6 excess 0 dia 2
N 16 k 7 opt 1.53333333333333 avg 1.53333 excess 0 dia 2
N 16 k 8 opt 1.46666666666667 avg 1.46666666666667 excess 0 dia 2
N 16 k 9 opt 1.4 avg 1.4 excess 0 dia 2
N 16 k 10 opt 1.33333333333333 avg 1.33333 excess 0 dia 2
N 16 k 11 opt 1.26666666666667 avg 1.26666666666667 excess 0 dia 2
N 16 k 12 opt 1.2 avg 1.2 excess 0 dia 2
N 16 k 13 opt 1.13333333333333 avg 1.13333 excess 0 dia 2
N 16 k 14 opt 1.06666666666667 avg 1.06666666666667 excess 0 dia 2
N 16 k 15 opt 1 avg 1 excess 0 dia 1
N 17 k 2 opt 4.5 avg 4.5 excess 0 dia 8
N 17 k 4 opt 1.75 avg 1.81617647058824 excess 9 dia 3
N 17 k 6 opt 1.625 avg 1.625 excess 0 dia 2
N 17 k 8 opt 1.5 avg 1.5 excess 0 dia 2
N 17 k 10 opt 1.375 avg 1.375 excess 0 dia 2
N 17 k 12 opt 1.25 avg 1.25 excess 0 dia 2
N 17 k 14 opt 1.125 avg 1.125 excess 0 dia 2
N 17 k 16 opt 1 avg 1 excess 0 dia 1
N 18 k 2 opt 4.76470588235294 avg 4.76471 excess 0 dia 9
N 18 k 3 opt 2.29411764705882 avg 2.29411764705882 excess 0 dia 3
N 18 k 4 opt 1.82352941176471 avg 1.84967 excess 4 dia 3
N 18 k 5 opt 1.70588235294118 avg 1.70588 excess 0 dia 2
N 18 k 6 opt 1.64705882352941 avg 1.64705882352941 excess 0 dia 2
N 18 k 7 opt 1.58823529411765 avg 1.58823529411765 excess 0 dia 2
N 18 k 8 opt 1.52941176470588 avg 1.52941 excess 0 dia 2
N 18 k 9 opt 1.47058823529412 avg 1.47058823529412 excess 0 dia 2
N 18 k 10 opt 1.41176470588235 avg 1.41176 excess 0 dia 2
N 18 k 11 opt 1.35294117647059 avg 1.35294 excess 0 dia 2
N 18 k 12 opt 1.29411764705882 avg 1.29411764705882 excess 0 dia 2
N 18 k 13 opt 1.23529411764706 avg 1.23529 excess 0 dia 2
N 18 k 14 opt 1.17647058823529 avg 1.17647 excess 0 dia 2
N 18 k 15 opt 1.11764705882353 avg 1.11764705882353 excess 0 dia 2
N 18 k 16 opt 1.05882352941176 avg 1.05882 excess 0 dia 2
N 18 k 17 opt 1 avg 1 excess 0 dia 1
N 19 k 2 opt 5 avg 5 excess 0 dia 9
N 19 k 4 opt 1.88888888888889 avg 1.88888888888889 excess 0 dia 3
N 19 k 6 opt 1.66666666666667 avg 1.66666666666667 excess 0 dia 2
N 19 k 8 opt 1.55555555555556 avg 1.55555555555556 excess 0 dia 2
N 19 k 10 opt 1.44444444444444 avg 1.44444 excess 0 dia 2
N 19 k 12 opt 1.33333333333333 avg 1.33333 excess 0 dia 2
N 19 k 14 opt 1.22222222222222 avg 1.22222 excess 0 dia 2
N 19 k 16 opt 1.11111111111111 avg 1.11111 excess 0 dia 2
N 19 k 18 opt 1 avg 1 excess 0 dia 1
N 20 k 2 opt 5.26315789473684 avg 5.26316 excess 0 dia 10
N 20 k 3 opt 2.36842105263158 avg 2.36842 excess 0 dia 3
N 20 k 4 opt 1.94736842105263 avg 1.94736842105263 excess 0 dia 3
N 20 k 5 opt 1.73684210526316 avg 1.73684 excess 0 dia 2
N 20 k 6 opt 1.68421052631579 avg 1.68421 excess 0 dia 2
N 20 k 7 opt 1.63157894736842 avg 1.63157894736842 excess 0 dia 2
N 20 k 8 opt 1.57894736842105 avg 1.57894736842105 excess 0 dia 2
N 20 k 9 opt 1.52631578947368 avg 1.52631578947368 excess 0 dia 2
N 20 k 10 opt 1.47368421052632 avg 1.47368 excess 0 dia 2
N 20 k 11 opt 1.42105263157895 avg 1.42105 excess 0 dia 2
N 20 k 12 opt 1.36842105263158 avg 1.36842 excess 0 dia 2
N 20 k 13 opt 1.31578947368421 avg 1.31578947368421 excess 0 dia 2
N 20 k 14 opt 1.26315789473684 avg 1.26315789473684 excess 0 dia 2
N 20 k 15 opt 1.21052631578947 avg 1.21052631578947 excess 0 dia 2
N 20 k 16 opt 1.15789473684211 avg 1.15789 excess 0 dia 2
N 20 k 17 opt 1.10526315789474 avg 1.10526 excess 0 dia 2
N 20 k 18 opt 1.05263157894737 avg 1.05263 excess 0 dia 2
N 20 k 19 opt 1 avg 1 excess 0 dia 1
N 21 k 2 opt 5.5 avg 5.5 excess 0 dia 10
N 21 k 4 opt 2 avg 2 excess 0 dia 3
N 21 k 6 opt 1.7 avg 1.7 excess 0 dia 2
N 21 k 8 opt 1.6 avg 1.6 excess 0 dia 2
N 21 k 10 opt 1.5 avg 1.5 excess 0 dia 2
N 21 k 12 opt 1.4 avg 1.4 excess 0 dia 2
N 21 k 14 opt 1.3 avg 1.3 excess 0 dia 2
N 21 k 16 opt 1.2 avg 1.2 excess 0 dia 2
N 21 k 18 opt 1.1 avg 1.1 excess 0 dia 2
N 21 k 20 opt 1 avg 1 excess 0 dia 1
N 22 k 2 opt 5.76190476190476 avg 5.7619 excess 0 dia 11
N 22 k 3 opt 2.42857142857143 avg 2.48051948051948 excess 12 dia 4
N 22 k 4 opt 2.04761904761905 avg 2.04761904761905 excess 0 dia 3
N 22 k 5 opt 1.76190476190476 avg 1.7619 excess 0 dia 2
N 22 k 6 opt 1.71428571428571 avg 1.71428571428571 excess 0 dia 2
N 22 k 7 opt 1.66666666666667 avg 1.66666666666667 excess 0 dia 2
N 22 k 8 opt 1.61904761904762 avg 1.61904761904762 excess 0 dia 2
N 22 k 9 opt 1.57142857142857 avg 1.57142857142857 excess 0 dia 2
N 22 k 10 opt 1.52380952380952 avg 1.52380952380952 excess 0 dia 2
N 22 k 11 opt 1.47619047619048 avg 1.47619 excess 0 dia 2
N 22 k 12 opt 1.42857142857143 avg 1.42857 excess 0 dia 2
N 22 k 13 opt 1.38095238095238 avg 1.38095 excess 0 dia 2
N 22 k 14 opt 1.33333333333333 avg 1.33333 excess 0 dia 2
N 22 k 15 opt 1.28571428571429 avg 1.28571 excess 0 dia 2
N 22 k 16 opt 1.23809523809524 avg 1.23809523809524 excess 0 dia 2
N 22 k 17 opt 1.19047619047619 avg 1.19047619047619 excess 0 dia 2
N 22 k 18 opt 1.14285714285714 avg 1.14285714285714 excess 0 dia 2
N 22 k 19 opt 1.0952380952381 avg 1.0952380952381 excess 0 dia 2
N 22 k 20 opt 1.04761904761905 avg 1.04761904761905 excess 0 dia 2
N 22 k 21 opt 1 avg 1 excess 0 dia 1
N 23 k 2 opt 6 avg 6 excess 0 dia 11
N 23 k 4 opt 2.09090909090909 avg 2.09090909090909 excess 0 dia 3
N 23 k 6 opt 1.72727272727273 avg 1.72727 excess 0 dia 2
N 23 k 8 opt 1.63636363636364 avg 1.63636 excess 0 dia 2
N 23 k 10 opt 1.54545454545455 avg 1.54545 excess 0 dia 2
N 23 k 12 opt 1.45454545454545 avg 1.45454545454545 excess 0 dia 2
N 23 k 14 opt 1.36363636363636 avg 1.36363636363636 excess 0 dia 2
N 23 k 16 opt 1.27272727272727 avg 1.27272727272727 excess 0 dia 2
N 23 k 18 opt 1.18181818181818 avg 1.18181818181818 excess 0 dia 2
N 23 k 20 opt 1.09090909090909 avg 1.09090909090909 excess 0 dia 2
N 23 k 22 opt 1 avg 1 excess 0 dia 1
N 24 k 2 opt 6.26086956521739 avg 6.26087 excess 0 dia 12
N 24 k 3 opt 2.56521739130435 avg 2.56521739130435 excess 0 dia 4
N 24 k 4 opt 2.1304347826087 avg 2.13043 excess 0 dia 3
N 24 k 5 opt 1.78260869565217 avg 1.78260869565217 excess 0 dia 2
N 24 k 6 opt 1.73913043478261 avg 1.73913 excess 0 dia 2
N 24 k 7 opt 1.69565217391304 avg 1.69565 excess 0 dia 2
N 24 k 8 opt 1.65217391304348 avg 1.65217 excess 0 dia 2
N 24 k 9 opt 1.60869565217391 avg 1.60869565217391 excess 0 dia 2
N 24 k 10 opt 1.56521739130435 avg 1.56521739130435 excess 0 dia 2
N 24 k 11 opt 1.52173913043478 avg 1.52173913043478 excess 0 dia 2
N 24 k 12 opt 1.47826086956522 avg 1.47826 excess 0 dia 2
N 24 k 13 opt 1.43478260869565 avg 1.43478 excess 0 dia 2
N 24 k 14 opt 1.39130434782609 avg 1.3913 excess 0 dia 2
N 24 k 15 opt 1.34782608695652 avg 1.34782608695652 excess 0 dia 2
N 24 k 16 opt 1.30434782608696 avg 1.30434782608696 excess 0 dia 2
N 24 k 17 opt 1.26086956521739 avg 1.26086956521739 excess 0 dia 2
N 24 k 18 opt 1.21739130434783 avg 1.21739 excess 0 dia 2
N 24 k 19 opt 1.17391304347826 avg 1.17391 excess 0 dia 2
N 24 k 20 opt 1.1304347826087 avg 1.13043 excess 0 dia 2
N 24 k 21 opt 1.08695652173913 avg 1.08695652173913 excess 0 dia 2
N 24 k 22 opt 1.04347826086957 avg 1.04347826086957 excess 0 dia 2
N 24 k 23 opt 1 avg 1 excess 0 dia 1
N 25 k 2 opt 6.5 avg 6.5 excess 0 dia 12
N 25 k 4 opt 2.16666666666667 avg 2.16666666666667 excess 0 dia 3
N 25 k 6 opt 1.75 avg 1.75 excess 0 dia 2
N 25 k 8 opt 1.66666666666667 avg 1.66666666666667 excess 0 dia 2
N 25 k 10 opt 1.58333333333333 avg 1.58333 excess 0 dia 2
N 25 k 12 opt 1.5 avg 1.5 excess 0 dia 2
N 25 k 14 opt 1.41666666666667 avg 1.41666666666667 excess 0 dia 2
N 25 k 16 opt 1.33333333333333 avg 1.33333 excess 0 dia 2
N 25 k 18 opt 1.25 avg 1.25 excess 0 dia 2
N 25 k 20 opt 1.16666666666667 avg 1.16666666666667 excess 0 dia 2
N 25 k 22 opt 1.08333333333333 avg 1.08333 excess 0 dia 2
N 25 k 24 opt 1 avg 1 excess 0 dia 1
N 26 k 2 opt 6.76 avg 6.76 excess 0 dia 13
N 26 k 3 opt 2.68 avg 2.68 excess 0 dia 4
N 26 k 4 opt 2.2 avg 2.2 excess 0 dia 3
N 26 k 5 opt 1.8 avg 1.85538 excess 18 dia 3
N 26 k 6 opt 1.76 avg 1.76 excess 0 dia 2
N 26 k 7 opt 1.72 avg 1.72 excess 0 dia 2
N 26 k 8 opt 1.68 avg 1.68 excess 0 dia 2
N 26 k 9 opt 1.64 avg 1.64 excess 0 dia 2
N 26 k 10 opt 1.6 avg 1.6 excess 0 dia 2
N 26 k 11 opt 1.56 avg 1.56 excess 0 dia 2
N 26 k 12 opt 1.52 avg 1.52 excess 0 dia 2
N 26 k 13 opt 1.48 avg 1.48 excess 0 dia 2
N 26 k 14 opt 1.44 avg 1.44 excess 0 dia 2
N 26 k 15 opt 1.4 avg 1.4 excess 0 dia 2
N 26 k 16 opt 1.36 avg 1.36 excess 0 dia 2
N 26 k 17 opt 1.32 avg 1.32 excess 0 dia 2
N 26 k 18 opt 1.28 avg 1.28 excess 0 dia 2
N 26 k 19 opt 1.24 avg 1.24 excess 0 dia 2
N 26 k 20 opt 1.2 avg 1.2 excess 0 dia 2
N 26 k 21 opt 1.16 avg 1.16 excess 0 dia 2
N 26 k 22 opt 1.12 avg 1.12 excess 0 dia 2
N 26 k 23 opt 1.08 avg 1.08 excess 0 dia 2
N 26 k 24 opt 1.04 avg 1.04 excess 0 dia 2
N 26 k 25 opt 1 avg 1 excess 0 dia 1
N 27 k 2 opt 7 avg 7 excess 0 dia 13
N 27 k 4 opt 2.23076923076923 avg 2.23076923076923 excess 0 dia 3
N 27 k 6 opt 1.76923076923077 avg 1.76923 excess 0 dia 2
N 27 k 8 opt 1.69230769230769 avg 1.69230769230769 excess 0 dia 2
N 27 k 10 opt 1.61538461538462 avg 1.61538 excess 0 dia 2
N 27 k 12 opt 1.53846153846154 avg 1.53846 excess 0 dia 2
N 27 k 14 opt 1.46153846153846 avg 1.46153846153846 excess 0 dia 2
N 27 k 16 opt 1.38461538461538 avg 1.38461538461538 excess 0 dia 2
N 27 k 18 opt 1.30769230769231 avg 1.30769 excess 0 dia 2
N 27 k 20 opt 1.23076923076923 avg 1.23076923076923 excess 0 dia 2
N 27 k 22 opt 1.15384615384615 avg 1.15384615384615 excess 0 dia 2
N 27 k 24 opt 1.07692307692308 avg 1.07692 excess 0 dia 2
N 27 k 26 opt 1 avg 1 excess 0 dia 1
N 28 k 2 opt 7.25925925925926 avg 7.25926 excess 0 dia 14
N 28 k 3 opt 2.77777777777778 avg 2.77777777777778 excess 0 dia 4
N 28 k 4 opt 2.25925925925926 avg 2.25925925925926 excess 0 dia 3
N 28 k 5 opt 1.88888888888889 avg 1.91005 excess 8 dia 3
N 28 k 6 opt 1.77777777777778 avg 1.77777777777778 excess 0 dia 2
N 28 k 7 opt 1.74074074074074 avg 1.74074 excess 0 dia 2
N 28 k 8 opt 1.7037037037037 avg 1.7037 excess 0 dia 2
N 28 k 9 opt 1.66666666666667 avg 1.66666666666667 excess 0 dia 2
N 28 k 10 opt 1.62962962962963 avg 1.62962962962963 excess 0 dia 2
N 28 k 11 opt 1.59259259259259 avg 1.59259 excess 0 dia 2
N 28 k 12 opt 1.55555555555556 avg 1.55555555555556 excess 0 dia 2
N 28 k 13 opt 1.51851851851852 avg 1.51851851851852 excess 0 dia 2
N 28 k 14 opt 1.48148148148148 avg 1.48148 excess 0 dia 2
N 28 k 15 opt 1.44444444444444 avg 1.44444 excess 0 dia 2
N 28 k 16 opt 1.40740740740741 avg 1.40740740740741 excess 0 dia 2
N 28 k 17 opt 1.37037037037037 avg 1.37037 excess 0 dia 2
N 28 k 18 opt 1.33333333333333 avg 1.33333 excess 0 dia 2
N 28 k 19 opt 1.2962962962963 avg 1.2962962962963 excess 0 dia 2
N 28 k 20 opt 1.25925925925926 avg 1.25925925925926 excess 0 dia 2
N 28 k 21 opt 1.22222222222222 avg 1.22222 excess 0 dia 2
N 28 k 22 opt 1.18518518518519 avg 1.18518518518519 excess 0 dia 2
N 28 k 23 opt 1.14814814814815 avg 1.14814814814815 excess 0 dia 2
N 28 k 24 opt 1.11111111111111 avg 1.11111 excess 0 dia 2
N 28 k 25 opt 1.07407407407407 avg 1.07407 excess 0 dia 2
N 28 k 26 opt 1.03703703703704 avg 1.03703703703704 excess 0 dia 2
N 28 k 27 opt 1 avg 1 excess 0 dia 1
N 29 k 2 opt 7.5 avg 7.5 excess 0 dia 14
N 29 k 4 opt 2.28571428571429 avg 2.28571 excess 0 dia 3
N 29 k 6 opt 1.78571428571429 avg 1.78571 excess 0 dia 2
N 29 k 8 opt 1.71428571428571 avg 1.71428571428571 excess 0 dia 2
N 29 k 10 opt 1.64285714285714 avg 1.64285714285714 excess 0 dia 2
N 29 k 12 opt 1.57142857142857 avg 1.57142857142857 excess 0 dia 2
N 29 k 14 opt 1.5 avg 1.5 excess 0 dia 2
N 29 k 16 opt 1.42857142857143 avg 1.42857 excess 0 dia 2
N 29 k 18 opt 1.35714285714286 avg 1.35714 excess 0 dia 2
N 29 k 20 opt 1.28571428571429 avg 1.28571 excess 0 dia 2
N 29 k 22 opt 1.21428571428571 avg 1.21428571428571 excess 0 dia 2
N 29 k 24 opt 1.14285714285714 avg 1.14285714285714 excess 0 dia 2
N 29 k 26 opt 1.07142857142857 avg 1.07142857142857 excess 0 dia 2
N 29 k 28 opt 1 avg 1 excess 0 dia 1
N 30 k 2 opt 7.75862068965517 avg 7.75862 excess 0 dia 15
N 30 k 3 opt 2.86206896551724 avg 2.86206896551724 excess 0 dia 4
N 30 k 4 opt 2.31034482758621 avg 2.31034 excess 0 dia 3
N 30 k 5 opt 1.96551724137931 avg 1.96551724137931 excess 0 dia 3
N 30 k 6 opt 1.79310344827586 avg 1.7931 excess 0 dia 2
N 30 k 7 opt 1.75862068965517 avg 1.75862 excess 0 dia 2
N 30 k 8 opt 1.72413793103448 avg 1.72413793103448 excess 0 dia 2
N 30 k 9 opt 1.68965517241379 avg 1.68965517241379 excess 0 dia 2
N 30 k 10 opt 1.6551724137931 avg 1.65517 excess 0 dia 2
N 30 k 11 opt 1.62068965517241 avg 1.62068965517241 excess 0 dia 2
N 30 k 12 opt 1.58620689655172 avg 1.58620689655172 excess 0 dia 2
N 30 k 13 opt 1.55172413793103 avg 1.55172 excess 0 dia 2
N 30 k 14 opt 1.51724137931034 avg 1.51724 excess 0 dia 2
N 30 k 15 opt 1.48275862068966 avg 1.48275862068966 excess 0 dia 2
N 30 k 16 opt 1.44827586206897 avg 1.44827586206897 excess 0 dia 2
N 30 k 17 opt 1.41379310344828 avg 1.41379 excess 0 dia 2
N 30 k 18 opt 1.37931034482759 avg 1.37931 excess 0 dia 2
N 30 k 19 opt 1.3448275862069 avg 1.3448275862069 excess 0 dia 2
N 30 k 20 opt 1.31034482758621 avg 1.31034 excess 0 dia 2
N 30 k 21 opt 1.27586206896552 avg 1.27586 excess 0 dia 2
N 30 k 22 opt 1.24137931034483 avg 1.24137931034483 excess 0 dia 2
N 30 k 23 opt 1.20689655172414 avg 1.20689655172414 excess 0 dia 2
N 30 k 24 opt 1.17241379310345 avg 1.17241 excess 0 dia 2
N 30 k 25 opt 1.13793103448276 avg 1.13793 excess 0 dia 2
N 30 k 26 opt 1.10344827586207 avg 1.10344827586207 excess 0 dia 2
N 30 k 27 opt 1.06896551724138 avg 1.06896551724138 excess 0 dia 2
N 30 k 28 opt 1.03448275862069 avg 1.03448 excess 0 dia 2
N 30 k 29 opt 1 avg 1 excess 0 dia 1
N 31 k 2 opt 8 avg 8 excess 0 dia 15
N 31 k 4 opt 2.33333333333333 avg 2.33333 excess 0 dia 3
N 31 k 6 opt 1.8 avg 1.8 excess 0 dia 2
N 31 k 8 opt 1.73333333333333 avg 1.73333 excess 0 dia 2
N 31 k 10 opt 1.66666666666667 avg 1.66666666666667 excess 0 dia 2
N 31 k 12 opt 1.6 avg 1.6 excess 0 dia 2
N 31 k 14 opt 1.53333333333333 avg 1.53333 excess 0 dia 2
N 31 k 16 opt 1.46666666666667 avg 1.46666666666667 excess 0 dia 2
N 31 k 18 opt 1.4 avg 1.4 excess 0 dia 2
N 31 k 20 opt 1.33333333333333 avg 1.33333 excess 0 dia 2
N 31 k 22 opt 1.26666666666667 avg 1.26666666666667 excess 0 dia 2
N 31 k 24 opt 1.2 avg 1.2 excess 0 dia 2
N 31 k 26 opt 1.13333333333333 avg 1.13333 excess 0 dia 2
N 31 k 28 opt 1.06666666666667 avg 1.06666666666667 excess 0 dia 2
N 31 k 30 opt 1 avg 1 excess 0 dia 1
N 32 k 2 opt 8.25806451612903 avg 8.25806 excess 0 dia 16
N 32 k 3 opt 2.93548387096774 avg 2.93548 excess 0 dia 4
N 32 k 4 opt 2.35483870967742 avg 2.35483870967742 excess 0 dia 3
N 32 k 5 opt 2.03225806451613 avg 2.03225806451613 excess 0 dia 3
N 32 k 6 opt 1.80645161290323 avg 1.80645 excess 0 dia 2
N 32 k 7 opt 1.7741935483871 avg 1.77419 excess 0 dia 2
N 32 k 8 opt 1.74193548387097 avg 1.74193548387097 excess 0 dia 2
N 32 k 9 opt 1.70967741935484 avg 1.70967741935484 excess 0 dia 2
N 32 k 10 opt 1.67741935483871 avg 1.67741935483871 excess 0 dia 2
N 32 k 11 opt 1.64516129032258 avg 1.64516 excess 0 dia 2
N 32 k 12 opt 1.61290322580645 avg 1.6129 excess 0 dia 2
N 32 k 13 opt 1.58064516129032 avg 1.58064516129032 excess 0 dia 2
N 32 k 14 opt 1.54838709677419 avg 1.54838709677419 excess 0 dia 2
N 32 k 15 opt 1.51612903225806 avg 1.51612903225806 excess 0 dia 2
N 32 k 16 opt 1.48387096774194 avg 1.48387 excess 0 dia 2
N 32 k 17 opt 1.45161290322581 avg 1.45161 excess 0 dia 2
N 32 k 18 opt 1.41935483870968 avg 1.41935 excess 0 dia 2
N 32 k 19 opt 1.38709677419355 avg 1.38709677419355 excess 0 dia 2
N 32 k 20 opt 1.35483870967742 avg 1.35483870967742 excess 0 dia 2
N 32 k 21 opt 1.32258064516129 avg 1.32258 excess 0 dia 2
N 32 k 22 opt 1.29032258064516 avg 1.29032 excess 0 dia 2
N 32 k 23 opt 1.25806451612903 avg 1.25806 excess 0 dia 2
N 32 k 24 opt 1.2258064516129 avg 1.2258064516129 excess 0 dia 2
N 32 k 25 opt 1.19354838709677 avg 1.19354838709677 excess 0 dia 2
N 32 k 26 opt 1.16129032258065 avg 1.16129 excess 0 dia 2
N 32 k 27 opt 1.12903225806452 avg 1.12903 excess 0 dia 2
N 32 k 28 opt 1.09677419354839 avg 1.09677 excess 0 dia 2
N 32 k 29 opt 1.06451612903226 avg 1.06451612903226 excess 0 dia 2
N 32 k 30 opt 1.03225806451613 avg 1.03225806451613 excess 0 dia 2
N 32 k 31 opt 1 avg 1 excess 0 dia 1
N 33 k 2 opt 8.5 avg 8.5 excess 0 dia 16
N 33 k 4 opt 2.375 avg 2.375 excess 0 dia 3
N 33 k 6 opt 1.8125 avg 1.82386 excess 6 dia 3
N 33 k 8 opt 1.75 avg 1.75 excess 0 dia 2
N 33 k 10 opt 1.6875 avg 1.6875 excess 0 dia 2
N 33 k 12 opt 1.625 avg 1.625 excess 0 dia 2
N 33 k 14 opt 1.5625 avg 1.5625 excess 0 dia 2
N 33 k 16 opt 1.5 avg 1.5 excess 0 dia 2
N 33 k 18 opt 1.4375 avg 1.4375 excess 0 dia 2
N 33 k 20 opt 1.375 avg 1.375 excess 0 dia 2
N 33 k 22 opt 1.3125 avg 1.3125 excess 0 dia 2
N 33 k 24 opt 1.25 avg 1.25 excess 0 dia 2
N 33 k 26 opt 1.1875 avg 1.1875 excess 0 dia 2
N 33 k 28 opt 1.125 avg 1.125 excess 0 dia 2
N 33 k 30 opt 1.0625 avg 1.0625 excess 0 dia 2
N 33 k 32 opt 1 avg 1 excess 0 dia 1
N 34 k 2 opt 8.75757575757576 avg 8.75758 excess 0 dia 17
N 34 k 3 opt 3 avg 3 excess 0 dia 4
N 34 k 4 opt 2.39393939393939 avg 2.39393939393939 excess 0 dia 3
N 34 k 5 opt 2.09090909090909 avg 2.09090909090909 excess 0 dia 3
N 34 k 6 opt 1.81818181818182 avg 1.83065953654189 excess 7 dia 3
N 34 k 7 opt 1.78787878787879 avg 1.78787878787879 excess 0 dia 2
N 34 k 8 opt 1.75757575757576 avg 1.75757575757576 excess 0 dia 2
N 34 k 9 opt 1.72727272727273 avg 1.72727 excess 0 dia 2
N 34 k 10 opt 1.6969696969697 avg 1.6969696969697 excess 0 dia 2
N 34 k 11 opt 1.66666666666667 avg 1.66666666666667 excess 0 dia 2
N 34 k 12 opt 1.63636363636364 avg 1.63636 excess 0 dia 2
N 34 k 13 opt 1.60606060606061 avg 1.60606 excess 0 dia 2
N 34 k 14 opt 1.57575757575758 avg 1.57575757575758 excess 0 dia 2
N 34 k 15 opt 1.54545454545455 avg 1.54545 excess 0 dia 2
N 34 k 16 opt 1.51515151515152 avg 1.51515 excess 0 dia 2
N 34 k 17 opt 1.48484848484848 avg 1.48484848484848 excess 0 dia 2
N 34 k 18 opt 1.45454545454545 avg 1.45454545454545 excess 0 dia 2
N 34 k 19 opt 1.42424242424242 avg 1.42424 excess 0 dia 2
N 34 k 20 opt 1.39393939393939 avg 1.39393939393939 excess 0 dia 2
N 34 k 21 opt 1.36363636363636 avg 1.36363636363636 excess 0 dia 2
N 34 k 22 opt 1.33333333333333 avg 1.33333 excess 0 dia 2
N 34 k 23 opt 1.3030303030303 avg 1.30303 excess 0 dia 2
N 34 k 24 opt 1.27272727272727 avg 1.27272727272727 excess 0 dia 2
N 34 k 25 opt 1.24242424242424 avg 1.24242 excess 0 dia 2
N 34 k 26 opt 1.21212121212121 avg 1.21212 excess 0 dia 2
N 34 k 27 opt 1.18181818181818 avg 1.18181818181818 excess 0 dia 2
N 34 k 28 opt 1.15151515151515 avg 1.15151515151515 excess 0 dia 2
N 34 k 29 opt 1.12121212121212 avg 1.12121 excess 0 dia 2
N 34 k 30 opt 1.09090909090909 avg 1.09090909090909 excess 0 dia 2
N 34 k 31 opt 1.06060606060606 avg 1.06060606060606 excess 0 dia 2
N 34 k 32 opt 1.03030303030303 avg 1.0303 excess 0 dia 2
N 34 k 33 opt 1 avg 1 excess 0 dia 1
N 35 k 2 opt 9 avg 9 excess 0 dia 17
N 35 k 4 opt 2.41176470588235 avg 2.41176 excess 0 dia 3
N 35 k 6 opt 1.82352941176471 avg 1.8436974789916 excess 12 dia 3
N 35 k 8 opt 1.76470588235294 avg 1.76470588235294 excess 0 dia 2
N 35 k 10 opt 1.70588235294118 avg 1.70588 excess 0 dia 2
N 35 k 12 opt 1.64705882352941 avg 1.64705882352941 excess 0 dia 2
N 35 k 14 opt 1.58823529411765 avg 1.58823529411765 excess 0 dia 2
N 35 k 16 opt 1.52941176470588 avg 1.52941 excess 0 dia 2
N 35 k 18 opt 1.47058823529412 avg 1.47058823529412 excess 0 dia 2
N 35 k 20 opt 1.41176470588235 avg 1.41176 excess 0 dia 2
N 35 k 22 opt 1.35294117647059 avg 1.35294 excess 0 dia 2
N 35 k 24 opt 1.29411764705882 avg 1.29411764705882 excess 0 dia 2
N 35 k 26 opt 1.23529411764706 avg 1.23529 excess 0 dia 2
N 35 k 28 opt 1.17647058823529 avg 1.17647 excess 0 dia 2
N 35 k 30 opt 1.11764705882353 avg 1.11764705882353 excess 0 dia 2
N 35 k 32 opt 1.05882352941176 avg 1.05882 excess 0 dia 2
N 35 k 34 opt 1 avg 1 excess 0 dia 1
N 36 k 2 opt 9.25714285714286 avg 9.25714 excess 0 dia 18
N 36 k 3 opt 3.05714285714286 avg 3.06031746031746 excess 2 dia 5
N 36 k 4 opt 2.42857142857143 avg 2.42857 excess 0 dia 3
N 36 k 5 opt 2.14285714285714 avg 2.14285714285714 excess 0 dia 3
N 36 k 6 opt 1.82857142857143 avg 1.85396825396825 excess 16 dia 3
N 36 k 7 opt 1.8 avg 1.8 excess 0 dia 2
N 36 k 8 opt 1.77142857142857 avg 1.77142857142857 excess 0 dia 2
N 36 k 9 opt 1.74285714285714 avg 1.74285714285714 excess 0 dia 2
N 36 k 10 opt 1.71428571428571 avg 1.71428571428571 excess 0 dia 2
N 36 k 11 opt 1.68571428571429 avg 1.68571 excess 0 dia 2
N 36 k 12 opt 1.65714285714286 avg 1.65714 excess 0 dia 2
N 36 k 13 opt 1.62857142857143 avg 1.62857 excess 0 dia 2
N 36 k 14 opt 1.6 avg 1.6 excess 0 dia 2
N 36 k 15 opt 1.57142857142857 avg 1.57142857142857 excess 0 dia 2
N 36 k 16 opt 1.54285714285714 avg 1.54285714285714 excess 0 dia 2
N 36 k 17 opt 1.51428571428571 avg 1.51428571428571 excess 0 dia 2
N 36 k 18 opt 1.48571428571429 avg 1.48571 excess 0 dia 2
N 36 k 19 opt 1.45714285714286 avg 1.45714 excess 0 dia 2
N 36 k 20 opt 1.42857142857143 avg 1.42857 excess 0 dia 2
N 36 k 21 opt 1.4 avg 1.4 excess 0 dia 2
N 36 k 22 opt 1.37142857142857 avg 1.37142857142857 excess 0 dia 2
N 36 k 23 opt 1.34285714285714 avg 1.34285714285714 excess 0 dia 2
N 36 k 24 opt 1.31428571428571 avg 1.31428571428571 excess 0 dia 2
N 36 k 25 opt 1.28571428571429 avg 1.28571 excess 0 dia 2
N 36 k 26 opt 1.25714285714286 avg 1.25714 excess 0 dia 2
N 36 k 27 opt 1.22857142857143 avg 1.22857 excess 0 dia 2
N 36 k 28 opt 1.2 avg 1.2 excess 0 dia 2
N 36 k 29 opt 1.17142857142857 avg 1.17142857142857 excess 0 dia 2
N 36 k 30 opt 1.14285714285714 avg 1.14285714285714 excess 0 dia 2
N 36 k 31 opt 1.11428571428571 avg 1.11428571428571 excess 0 dia 2
N 36 k 32 opt 1.08571428571429 avg 1.08571 excess 0 dia 2
N 36 k 33 opt 1.05714285714286 avg 1.05714 excess 0 dia 2
N 36 k 34 opt 1.02857142857143 avg 1.02857 excess 0 dia 2
N 36 k 35 opt 1 avg 1 excess 0 dia 1
N 37 k 2 opt 9.5 avg 9.5 excess 0 dia 18
N 37 k 4 opt 2.44444444444444 avg 2.44444 excess 0 dia 3
N 37 k 6 opt 1.83333333333333 avg 1.89039 excess 38 dia 3
N 37 k 8 opt 1.77777777777778 avg 1.77777777777778 excess 0 dia 2
N 37 k 10 opt 1.72222222222222 avg 1.72222 excess 0 dia 2
N 37 k 12 opt 1.66666666666667 avg 1.66666666666667 excess 0 dia 2
N 37 k 14 opt 1.61111111111111 avg 1.61111 excess 0 dia 2
N 37 k 16 opt 1.55555555555556 avg 1.55555555555556 excess 0 dia 2
N 37 k 18 opt 1.5 avg 1.5 excess 0 dia 2
N 37 k 20 opt 1.44444444444444 avg 1.44444 excess 0 dia 2
N 37 k 22 opt 1.38888888888889 avg 1.38888888888889 excess 0 dia 2
N 37 k 24 opt 1.33333333333333 avg 1.33333 excess 0 dia 2
N 37 k 26 opt 1.27777777777778 avg 1.27777777777778 excess 0 dia 2
N 37 k 28 opt 1.22222222222222 avg 1.22222 excess 0 dia 2
N 37 k 30 opt 1.16666666666667 avg 1.16666666666667 excess 0 dia 2
N 37 k 32 opt 1.11111111111111 avg 1.11111 excess 0 dia 2
N 37 k 34 opt 1.05555555555556 avg 1.05555555555556 excess 0 dia 2
N 38 k 2 opt 9.75675675675676 avg 9.75676 excess 0 dia 19
N 38 k 3 opt 3.10810810810811 avg 3.10810810810811 excess 0 dia 4
N 38 k 4 opt 2.45945945945946 avg 2.45945945945946 excess 0 dia 3
N 38 k 5 opt 2.18918918918919 avg 2.18918918918919 excess 0 dia 3
N 38 k 6 opt 1.86486486486486 avg 1.90753911806543 excess 30 dia 3
N 38 k 7 opt 1.81081081081081 avg 1.81081 excess 0 dia 2
N 38 k 8 opt 1.78378378378378 avg 1.78378 excess 0 dia 2
N 38 k 9 opt 1.75675675675676 avg 1.75675675675676 excess 0 dia 2
N 38 k 10 opt 1.72972972972973 avg 1.72972972972973 excess 0 dia 2
N 38 k 11 opt 1.7027027027027 avg 1.7027 excess 0 dia 2
N 38 k 12 opt 1.67567567567568 avg 1.67567567567568 excess 0 dia 2
N 38 k 13 opt 1.64864864864865 avg 1.64864864864865 excess 0 dia 2
N 38 k 14 opt 1.62162162162162 avg 1.62162 excess 0 dia 2
N 38 k 15 opt 1.59459459459459 avg 1.59459 excess 0 dia 2
N 38 k 16 opt 1.56756756756757 avg 1.56756756756757 excess 0 dia 2
N 38 k 17 opt 1.54054054054054 avg 1.54054 excess 0 dia 2
N 38 k 18 opt 1.51351351351351 avg 1.51351 excess 0 dia 2
N 38 k 19 opt 1.48648648648649 avg 1.48648648648649 excess 0 dia 2
N 38 k 20 opt 1.45945945945946 avg 1.45945945945946 excess 0 dia 2
N 38 k 21 opt 1.43243243243243 avg 1.43243 excess 0 dia 2
N 38 k 22 opt 1.40540540540541 avg 1.40540540540541 excess 0 dia 2
N 38 k 23 opt 1.37837837837838 avg 1.37837837837838 excess 0 dia 2
N 38 k 24 opt 1.35135135135135 avg 1.35135 excess 0 dia 2
N 38 k 25 opt 1.32432432432432 avg 1.32432 excess 0 dia 2
N 38 k 26 opt 1.2972972972973 avg 1.2972972972973 excess 0 dia 2
N 38 k 27 opt 1.27027027027027 avg 1.27027 excess 0 dia 2
N 38 k 28 opt 1.24324324324324 avg 1.24324 excess 0 dia 2
N 38 k 29 opt 1.21621621621622 avg 1.21621621621622 excess 0 dia 2
N 38 k 30 opt 1.18918918918919 avg 1.18918918918919 excess 0 dia 2
N 38 k 31 opt 1.16216216216216 avg 1.16216 excess 0 dia 2
N 38 k 32 opt 1.13513513513514 avg 1.13513513513514 excess 0 dia 2
N 38 k 33 opt 1.10810810810811 avg 1.10810810810811 excess 0 dia 2
N 38 k 34 opt 1.08108108108108 avg 1.08108 excess 0 dia 2
N 38 k 35 opt 1.05405405405405 avg 1.05405 excess 0 dia 2
N 38 k 36 opt 1.02702702702703 avg 1.02702702702703 excess 0 dia 2
N 39 k 2 opt 10 avg 10 excess 0 dia 19
N 39 k 4 opt 2.47368421052632 avg 2.47368 excess 0 dia 3
N 39 k 6 opt 1.89473684210526 avg 1.92712550607287 excess 24 dia 3
N 39 k 8 opt 1.78947368421053 avg 1.78947 excess 0 dia 2
N 39 k 10 opt 1.73684210526316 avg 1.73684 excess 0 dia 2
N 39 k 12 opt 1.68421052631579 avg 1.68421 excess 0 dia 2
N 39 k 14 opt 1.63157894736842 avg 1.63157894736842 excess 0 dia 2
N 39 k 16 opt 1.57894736842105 avg 1.57894736842105 excess 0 dia 2
N 39 k 18 opt 1.52631578947368 avg 1.52631578947368 excess 0 dia 2
N 39 k 20 opt 1.47368421052632 avg 1.47368 excess 0 dia 2
N 39 k 22 opt 1.42105263157895 avg 1.42105 excess 0 dia 2
N 39 k 24 opt 1.36842105263158 avg 1.36842 excess 0 dia 2
N 39 k 26 opt 1.31578947368421 avg 1.31578947368421 excess 0 dia 2
N 39 k 28 opt 1.26315789473684 avg 1.26315789473684 excess 0 dia 2
N 39 k 30 opt 1.21052631578947 avg 1.21052631578947 excess 0 dia 2
N 39 k 32 opt 1.15789473684211 avg 1.15789 excess 0 dia 2
N 39 k 34 opt 1.10526315789474 avg 1.10526 excess 0 dia 2
N 39 k 36 opt 1.05263157894737 avg 1.05263 excess 0 dia 2
N 40 k 2 opt 10.2564102564103 avg 10.2564 excess 0 dia 20
N 40 k 3 opt 3.15384615384615 avg 3.17179 excess 14 dia 5
N 40 k 4 opt 2.48717948717949 avg 2.48717948717949 excess 0 dia 3
N 40 k 5 opt 2.23076923076923 avg 2.23076923076923 excess 0 dia 3
N 40 k 6 opt 1.92307692307692 avg 1.92307692307692 excess 0 dia 3
N 40 k 7 opt 1.82051282051282 avg 1.82051 excess 0 dia 2
N 40 k 8 opt 1.79487179487179 avg 1.79487 excess 0 dia 2
N 40 k 9 opt 1.76923076923077 avg 1.76923 excess 0 dia 2
N 40 k 10 opt 1.74358974358974 avg 1.74358974358974 excess 0 dia 2
N 40 k 11 opt 1.71794871794872 avg 1.71794871794872 excess 0 dia 2
N 40 k 12 opt 1.69230769230769 avg 1.69230769230769 excess 0 dia 2
N 40 k 13 opt 1.66666666666667 avg 1.66666666666667 excess 0 dia 2
N 40 k 14 opt 1.64102564102564 avg 1.64102564102564 excess 0 dia 2
N 40 k 15 opt 1.61538461538462 avg 1.61538 excess 0 dia 2
N 40 k 16 opt 1.58974358974359 avg 1.58974 excess 0 dia 2
N 40 k 17 opt 1.56410256410256 avg 1.5641 excess 0 dia 2
N 40 k 18 opt 1.53846153846154 avg 1.53846 excess 0 dia 2
N 40 k 19 opt 1.51282051282051 avg 1.51282 excess 0 dia 2
N 40 k 20 opt 1.48717948717949 avg 1.48717948717949 excess 0 dia 2
N 40 k 21 opt 1.46153846153846 avg 1.46153846153846 excess 0 dia 2
N 40 k 22 opt 1.43589743589744 avg 1.43589743589744 excess 0 dia 2
N 40 k 23 opt 1.41025641025641 avg 1.41025641025641 excess 0 dia 2
N 40 k 24 opt 1.38461538461538 avg 1.38461538461538 excess 0 dia 2
N 40 k 25 opt 1.35897435897436 avg 1.35897 excess 0 dia 2
N 40 k 26 opt 1.33333333333333 avg 1.33333 excess 0 dia 2
N 40 k 27 opt 1.30769230769231 avg 1.30769 excess 0 dia 2
N 40 k 28 opt 1.28205128205128 avg 1.28205 excess 0 dia 2
N 40 k 29 opt 1.25641025641026 avg 1.25641 excess 0 dia 2
N 40 k 30 opt 1.23076923076923 avg 1.23076923076923 excess 0 dia 2
N 40 k 31 opt 1.20512820512821 avg 1.20512820512821 excess 0 dia 2
N 40 k 32 opt 1.17948717948718 avg 1.17948717948718 excess 0 dia 2
N 40 k 33 opt 1.15384615384615 avg 1.15384615384615 excess 0 dia 2
N 40 k 34 opt 1.12820512820513 avg 1.12820512820513 excess 0 dia 2
N 40 k 35 opt 1.1025641025641 avg 1.10256 excess 0 dia 2
N 40 k 36 opt 1.07692307692308 avg 1.07692 excess 0 dia 2
N 40 k 37 opt 1.05128205128205 avg 1.05128 excess 0 dia 2
N 40 k 38 opt 1.02564102564103 avg 1.02564 excess 0 dia 2
N 41 k 2 opt 10.5 avg 10.5 excess 0 dia 20
N 41 k 4 opt 2.5 avg 2.5 excess 0 dia 3
N 41 k 6 opt 1.95 avg 1.9609756097561 excess 9 dia 3
N 41 k 8 opt 1.8 avg 1.8 excess 0 dia 2
N 41 k 10 opt 1.75 avg 1.75 excess 0 dia 2
N 41 k 12 opt 1.7 avg 1.7 excess 0 dia 2
N 41 k 14 opt 1.65 avg 1.65 excess 0 dia 2
N 41 k 16 opt 1.6 avg 1.6 excess 0 dia 2
N 41 k 18 opt 1.55 avg 1.55 excess 0 dia 2
N 41 k 20 opt 1.5 avg 1.5 excess 0 dia 2
N 41 k 22 opt 1.45 avg 1.45 excess 0 dia 2
N 41 k 24 opt 1.4 avg 1.4 excess 0 dia 2
N 41 k 26 opt 1.35 avg 1.35 excess 0 dia 2
N 41 k 28 opt 1.3 avg 1.3 excess 0 dia 2
N 41 k 30 opt 1.25 avg 1.25 excess 0 dia 2
N 41 k 32 opt 1.2 avg 1.2 excess 0 dia 2
N 41 k 34 opt 1.15 avg 1.15 excess 0 dia 2
N 41 k 36 opt 1.1 avg 1.1 excess 0 dia 2
N 41 k 38 opt 1.05 avg 1.05 excess 0 dia 2
N 42 k 2 opt 10.7560975609756 avg 10.7561 excess 0 dia 21
N 42 k 3 opt 3.19512195121951 avg 3.23228803716609 excess 32 dia 5
N 42 k 4 opt 2.51219512195122 avg 2.51684 excess 4 dia 4
N 42 k 5 opt 2.26829268292683 avg 2.26829 excess 0 dia 3
N 42 k 6 opt 1.97560975609756 avg 1.97560975609756 excess 0 dia 3
N 42 k 7 opt 1.82926829268293 avg 1.82926829268293 excess 0 dia 2
N 42 k 8 opt 1.80487804878049 avg 1.80487804878049 excess 0 dia 2
N 42 k 9 opt 1.78048780487805 avg 1.78048780487805 excess 0 dia 2
N 42 k 10 opt 1.75609756097561 avg 1.75609756097561 excess 0 dia 2
N 42 k 11 opt 1.73170731707317 avg 1.73170731707317 excess 0 dia 2
N 42 k 12 opt 1.70731707317073 avg 1.70731707317073 excess 0 dia 2
N 42 k 13 opt 1.68292682926829 avg 1.68292682926829 excess 0 dia 2
N 42 k 14 opt 1.65853658536585 avg 1.65853658536585 excess 0 dia 2
N 42 k 15 opt 1.63414634146341 avg 1.63414634146341 excess 0 dia 2
N 42 k 16 opt 1.60975609756098 avg 1.60975609756098 excess 0 dia 2
N 42 k 17 opt 1.58536585365854 avg 1.58536585365854 excess 0 dia 2
N 42 k 18 opt 1.5609756097561 avg 1.5609756097561 excess 0 dia 2
N 42 k 19 opt 1.53658536585366 avg 1.53658536585366 excess 0 dia 2
N 42 k 20 opt 1.51219512195122 avg 1.51219512195122 excess 0 dia 2
N 42 k 21 opt 1.48780487804878 avg 1.4878 excess 0 dia 2
N 42 k 22 opt 1.46341463414634 avg 1.46341 excess 0 dia 2
N 42 k 23 opt 1.4390243902439 avg 1.43902 excess 0 dia 2
N 42 k 24 opt 1.41463414634146 avg 1.41463 excess 0 dia 2
N 42 k 25 opt 1.39024390243902 avg 1.39024 excess 0 dia 2
N 42 k 26 opt 1.36585365853659 avg 1.36585 excess 0 dia 2
N 42 k 27 opt 1.34146341463415 avg 1.34146 excess 0 dia 2
N 42 k 28 opt 1.31707317073171 avg 1.31707 excess 0 dia 2
N 42 k 29 opt 1.29268292682927 avg 1.29268 excess 0 dia 2
N 42 k 30 opt 1.26829268292683 avg 1.26829 excess 0 dia 2
N 42 k 31 opt 1.24390243902439 avg 1.2439 excess 0 dia 2
N 42 k 32 opt 1.21951219512195 avg 1.21951 excess 0 dia 2
N 42 k 33 opt 1.19512195121951 avg 1.19512 excess 0 dia 2
N 42 k 34 opt 1.17073170731707 avg 1.17073 excess 0 dia 2
N 42 k 35 opt 1.14634146341463 avg 1.14634 excess 0 dia 2
N 42 k 36 opt 1.1219512195122 avg 1.12195 excess 0 dia 2
N 42 k 37 opt 1.09756097560976 avg 1.09756 excess 0 dia 2
N 42 k 38 opt 1.07317073170732 avg 1.07317 excess 0 dia 2
N 42 k 39 opt 1.04878048780488 avg 1.04878 excess 0 dia 2
N 42 k 40 opt 1.02439024390244 avg 1.02439 excess 0 dia 2
N 43 k 2 opt 11 avg 11 excess 0 dia 21
N 43 k 4 opt 2.52380952380952 avg 2.53156 excess 7 dia 4
N 43 k 6 opt 2 avg 2.00775 excess 7 dia 3
N 43 k 8 opt 1.80952380952381 avg 1.80952 excess 0 dia 2
N 43 k 10 opt 1.76190476190476 avg 1.7619 excess 0 dia 2
N 43 k 12 opt 1.71428571428571 avg 1.71428571428571 excess 0 dia 2
N 43 k 14 opt 1.66666666666667 avg 1.66666666666667 excess 0 dia 2
N 43 k 16 opt 1.61904761904762 avg 1.61904761904762 excess 0 dia 2
N 43 k 18 opt 1.57142857142857 avg 1.57142857142857 excess 0 dia 2
N 43 k 20 opt 1.52380952380952 avg 1.52380952380952 excess 0 dia 2
N 43 k 22 opt 1.47619047619048 avg 1.47619 excess 0 dia 2
N 43 k 24 opt 1.42857142857143 avg 1.42857 excess 0 dia 2
N 43 k 26 opt 1.38095238095238 avg 1.38095 excess 0 dia 2
N 43 k 28 opt 1.33333333333333 avg 1.33333 excess 0 dia 2
N 43 k 30 opt 1.28571428571429 avg 1.28571 excess 0 dia 2
N 43 k 32 opt 1.23809523809524 avg 1.23809523809524 excess 0 dia 2
N 43 k 34 opt 1.19047619047619 avg 1.19047619047619 excess 0 dia 2
N 43 k 36 opt 1.14285714285714 avg 1.14285714285714 excess 0 dia 2
N 43 k 38 opt 1.0952380952381 avg 1.0952380952381 excess 0 dia 2
N 43 k 40 opt 1.04761904761905 avg 1.04761904761905 excess 0 dia 2
N 44 k 2 opt 11.2558139534884 avg 11.2558 excess 0 dia 22
N 44 k 3 opt 3.23255813953488 avg 3.27906976744186 excess 44 dia 5
N 44 k 4 opt 2.53488372093023 avg 2.54756871035941 excess 12 dia 4
N 44 k 5 opt 2.30232558139535 avg 2.30232558139535 excess 0 dia 3
N 44 k 6 opt 2.02325581395349 avg 2.02748 excess 4 dia 3
N 44 k 7 opt 1.83720930232558 avg 1.84355 excess 6 dia 3
N 44 k 8 opt 1.81395348837209 avg 1.81395 excess 0 dia 2
N 44 k 9 opt 1.7906976744186 avg 1.7906976744186 excess 0 dia 2
N 44 k 10 opt 1.76744186046512 avg 1.76744 excess 0 dia 2
N 44 k 11 opt 1.74418604651163 avg 1.74418604651163 excess 0 dia 2
N 44 k 12 opt 1.72093023255814 avg 1.72093 excess 0 dia 2
N 44 k 13 opt 1.69767441860465 avg 1.69767 excess 0 dia 2
N 44 k 14 opt 1.67441860465116 avg 1.67441860465116 excess 0 dia 2
N 44 k 15 opt 1.65116279069767 avg 1.65116 excess 0 dia 2
N 44 k 16 opt 1.62790697674419 avg 1.62790697674419 excess 0 dia 2
N 44 k 17 opt 1.6046511627907 avg 1.60465 excess 0 dia 2
N 44 k 18 opt 1.58139534883721 avg 1.58139534883721 excess 0 dia 2
N 44 k 19 opt 1.55813953488372 avg 1.55813953488372 excess 0 dia 2
N 44 k 20 opt 1.53488372093023 avg 1.53488 excess 0 dia 2
N 44 k 21 opt 1.51162790697674 avg 1.51162790697674 excess 0 dia 2
N 44 k 22 opt 1.48837209302326 avg 1.48837 excess 0 dia 2
N 44 k 23 opt 1.46511627906977 avg 1.46511627906977 excess 0 dia 2
N 44 k 24 opt 1.44186046511628 avg 1.44186 excess 0 dia 2
N 44 k 25 opt 1.41860465116279 avg 1.4186 excess 0 dia 2
N 44 k 26 opt 1.3953488372093 avg 1.3953488372093 excess 0 dia 2
N 44 k 27 opt 1.37209302325581 avg 1.37209 excess 0 dia 2
N 44 k 28 opt 1.34883720930233 avg 1.34883720930233 excess 0 dia 2
N 44 k 29 opt 1.32558139534884 avg 1.32558 excess 0 dia 2
N 44 k 30 opt 1.30232558139535 avg 1.30232558139535 excess 0 dia 2
N 44 k 31 opt 1.27906976744186 avg 1.27906976744186 excess 0 dia 2
N 44 k 32 opt 1.25581395348837 avg 1.25581 excess 0 dia 2
N 44 k 33 opt 1.23255813953488 avg 1.23255813953488 excess 0 dia 2
N 44 k 34 opt 1.2093023255814 avg 1.2093 excess 0 dia 2
N 44 k 35 opt 1.18604651162791 avg 1.18604651162791 excess 0 dia 2
N 44 k 36 opt 1.16279069767442 avg 1.16279 excess 0 dia 2
N 44 k 37 opt 1.13953488372093 avg 1.13953 excess 0 dia 2
N 44 k 38 opt 1.11627906976744 avg 1.11627906976744 excess 0 dia 2
N 44 k 39 opt 1.09302325581395 avg 1.09302 excess 0 dia 2
N 44 k 40 opt 1.06976744186047 avg 1.06976744186047 excess 0 dia 2
N 44 k 41 opt 1.04651162790698 avg 1.04651 excess 0 dia 2
N 44 k 42 opt 1.02325581395349 avg 1.02325581395349 excess 0 dia 2
N 45 k 2 opt 11.5 avg 11.5 excess 0 dia 22
N 45 k 4 opt 2.54545454545455 avg 2.56565656565657 excess 20 dia 4
N 45 k 6 opt 2.04545454545455 avg 2.04545 excess 0 dia 3
N 45 k 8 opt 1.81818181818182 avg 1.81818 excess 0 dia 2
N 45 k 10 opt 1.77272727272727 avg 1.77272727272727 excess 0 dia 2
N 45 k 12 opt 1.72727272727273 avg 1.72727 excess 0 dia 2
N 45 k 14 opt 1.68181818181818 avg 1.68181818181818 excess 0 dia 2
N 45 k 16 opt 1.63636363636364 avg 1.63636 excess 0 dia 2
N 45 k 18 opt 1.59090909090909 avg 1.59090909090909 excess 0 dia 2
N 45 k 20 opt 1.54545454545455 avg 1.54545 excess 0 dia 2
N 45 k 22 opt 1.5 avg 1.5 excess 0 dia 2
N 45 k 24 opt 1.45454545454545 avg 1.45454545454545 excess 0 dia 2
N 45 k 26 opt 1.40909090909091 avg 1.40909 excess 0 dia 2
N 45 k 28 opt 1.36363636363636 avg 1.36363636363636 excess 0 dia 2
N 45 k 30 opt 1.31818181818182 avg 1.31818 excess 0 dia 2
N 45 k 32 opt 1.27272727272727 avg 1.27272727272727 excess 0 dia 2
N 45 k 34 opt 1.22727272727273 avg 1.22727 excess 0 dia 2
N 45 k 36 opt 1.18181818181818 avg 1.18181818181818 excess 0 dia 2
N 45 k 38 opt 1.13636363636364 avg 1.13636 excess 0 dia 2
N 45 k 40 opt 1.09090909090909 avg 1.09090909090909 excess 0 dia 2
N 45 k 42 opt 1.04545454545455 avg 1.04545 excess 0 dia 2
N 46 k 2 opt 11.7555555555556 avg 11.7556 excess 0 dia 23
N 46 k 3 opt 3.26666666666667 avg 3.33623 excess 72 dia 5
N 46 k 4 opt 2.55555555555556 avg 2.58164 excess 27 dia 4
N 46 k 5 opt 2.33333333333333 avg 2.33333 excess 0 dia 3
N 46 k 6 opt 2.06666666666667 avg 2.06859903381643 excess 2 dia 3
N 46 k 7 opt 1.84444444444444 avg 1.87053 excess 27 dia 3
N 46 k 8 opt 1.82222222222222 avg 1.82222 excess 0 dia 2
N 46 k 9 opt 1.8 avg 1.8 excess 0 dia 2
N 46 k 10 opt 1.77777777777778 avg 1.77777777777778 excess 0 dia 2
N 46 k 11 opt 1.75555555555556 avg 1.75555555555556 excess 0 dia 2
N 46 k 12 opt 1.73333333333333 avg 1.73333 excess 0 dia 2
N 46 k 13 opt 1.71111111111111 avg 1.71111 excess 0 dia 2
N 46 k 14 opt 1.68888888888889 avg 1.68888888888889 excess 0 dia 2
N 46 k 15 opt 1.66666666666667 avg 1.66666666666667 excess 0 dia 2
N 46 k 16 opt 1.64444444444444 avg 1.64444 excess 0 dia 2
N 46 k 17 opt 1.62222222222222 avg 1.62222 excess 0 dia 2
N 46 k 18 opt 1.6 avg 1.6 excess 0 dia 2
N 46 k 19 opt 1.57777777777778 avg 1.57777777777778 excess 0 dia 2
N 46 k 20 opt 1.55555555555556 avg 1.55555555555556 excess 0 dia 2
N 46 k 21 opt 1.53333333333333 avg 1.53333 excess 0 dia 2
N 46 k 22 opt 1.51111111111111 avg 1.51111 excess 0 dia 2
N 46 k 23 opt 1.48888888888889 avg 1.48888888888889 excess 0 dia 2
N 46 k 24 opt 1.46666666666667 avg 1.46666666666667 excess 0 dia 2
N 46 k 25 opt 1.44444444444444 avg 1.44444 excess 0 dia 2
N 46 k 26 opt 1.42222222222222 avg 1.42222 excess 0 dia 2
N 46 k 27 opt 1.4 avg 1.4 excess 0 dia 2
N 46 k 28 opt 1.37777777777778 avg 1.37777777777778 excess 0 dia 2
N 46 k 29 opt 1.35555555555556 avg 1.35555555555556 excess 0 dia 2
N 46 k 30 opt 1.33333333333333 avg 1.33333 excess 0 dia 2
N 46 k 31 opt 1.31111111111111 avg 1.31111 excess 0 dia 2
N 46 k 32 opt 1.28888888888889 avg 1.28888888888889 excess 0 dia 2
N 46 k 33 opt 1.26666666666667 avg 1.26666666666667 excess 0 dia 2
N 46 k 34 opt 1.24444444444444 avg 1.24444 excess 0 dia 2
N 46 k 35 opt 1.22222222222222 avg 1.22222 excess 0 dia 2
N 46 k 36 opt 1.2 avg 1.2 excess 0 dia 2
N 46 k 37 opt 1.17777777777778 avg 1.17777777777778 excess 0 dia 2
N 46 k 38 opt 1.15555555555556 avg 1.15555555555556 excess 0 dia 2
N 46 k 39 opt 1.13333333333333 avg 1.13333 excess 0 dia 2
N 46 k 40 opt 1.11111111111111 avg 1.11111 excess 0 dia 2
N 46 k 41 opt 1.08888888888889 avg 1.08888888888889 excess 0 dia 2
N 46 k 42 opt 1.06666666666667 avg 1.06666666666667 excess 0 dia 2
N 46 k 43 opt 1.04444444444444 avg 1.04444 excess 0 dia 2
N 46 k 44 opt 1.02222222222222 avg 1.02222 excess 0 dia 2
N 47 k 2 opt 12 avg 12 excess 0 dia 23
N 47 k 4 opt 2.56521739130435 avg 2.59481961147086 excess 32 dia 4
N 47 k 6 opt 2.08695652173913 avg 2.09065679925994 excess 4 dia 3
N 47 k 8 opt 1.82608695652174 avg 1.82608695652174 excess 0 dia 2
N 47 k 10 opt 1.78260869565217 avg 1.78260869565217 excess 0 dia 2
N 47 k 12 opt 1.73913043478261 avg 1.73913 excess 0 dia 2
N 47 k 14 opt 1.69565217391304 avg 1.69565 excess 0 dia 2
N 47 k 16 opt 1.65217391304348 avg 1.65217 excess 0 dia 2
N 47 k 18 opt 1.60869565217391 avg 1.60869565217391 excess 0 dia 2
N 47 k 20 opt 1.56521739130435 avg 1.56521739130435 excess 0 dia 2
N 47 k 22 opt 1.52173913043478 avg 1.52173913043478 excess 0 dia 2
N 47 k 24 opt 1.47826086956522 avg 1.47826 excess 0 dia 2
N 47 k 26 opt 1.43478260869565 avg 1.43478 excess 0 dia 2
N 47 k 28 opt 1.39130434782609 avg 1.3913 excess 0 dia 2
N 47 k 30 opt 1.34782608695652 avg 1.34782608695652 excess 0 dia 2
N 47 k 32 opt 1.30434782608696 avg 1.30434782608696 excess 0 dia 2
N 47 k 34 opt 1.26086956521739 avg 1.26086956521739 excess 0 dia 2
N 47 k 36 opt 1.21739130434783 avg 1.21739 excess 0 dia 2
N 47 k 38 opt 1.17391304347826 avg 1.17391 excess 0 dia 2
N 47 k 40 opt 1.1304347826087 avg 1.13043 excess 0 dia 2
N 47 k 42 opt 1.08695652173913 avg 1.08695652173913 excess 0 dia 2
N 47 k 44 opt 1.04347826086957 avg 1.04347826086957 excess 0 dia 2
N 48 k 2 opt 12.2553191489362 avg 12.2553 excess 0 dia 24
N 48 k 3 opt 3.34042553191489 avg 3.38031914893617 excess 45 dia 5
N 48 k 4 opt 2.57446808510638 avg 2.6117 excess 42 dia 4
N 48 k 5 opt 2.36170212765957 avg 2.3617 excess 0 dia 3
N 48 k 6 opt 2.1063829787234 avg 2.10638 excess 0 dia 3
N 48 k 7 opt 1.85106382978723 avg 1.87234 excess 24 dia 3
N 48 k 8 opt 1.82978723404255 avg 1.82978723404255 excess 0 dia 2
N 48 k 9 opt 1.80851063829787 avg 1.80851 excess 0 dia 2
N 48 k 10 opt 1.78723404255319 avg 1.78723 excess 0 dia 2
N 48 k 11 opt 1.76595744680851 avg 1.76595744680851 excess 0 dia 2
N 48 k 12 opt 1.74468085106383 avg 1.74468 excess 0 dia 2
N 48 k 13 opt 1.72340425531915 avg 1.7234 excess 0 dia 2
N 48 k 14 opt 1.70212765957447 avg 1.70212765957447 excess 0 dia 2
N 48 k 15 opt 1.68085106382979 avg 1.68085 excess 0 dia 2
N 48 k 16 opt 1.65957446808511 avg 1.65957 excess 0 dia 2
N 48 k 17 opt 1.63829787234043 avg 1.63829787234043 excess 0 dia 2
N 48 k 18 opt 1.61702127659574 avg 1.61702 excess 0 dia 2
N 48 k 19 opt 1.59574468085106 avg 1.59574 excess 0 dia 2
N 48 k 20 opt 1.57446808510638 avg 1.57446808510638 excess 0 dia 2
N 48 k 21 opt 1.5531914893617 avg 1.55319 excess 0 dia 2
N 48 k 22 opt 1.53191489361702 avg 1.53191 excess 0 dia 2
N 48 k 23 opt 1.51063829787234 avg 1.51063829787234 excess 0 dia 2
N 48 k 24 opt 1.48936170212766 avg 1.48936 excess 0 dia 2
N 48 k 25 opt 1.46808510638298 avg 1.46808510638298 excess 0 dia 2
N 48 k 26 opt 1.4468085106383 avg 1.4468085106383 excess 0 dia 2
N 48 k 27 opt 1.42553191489362 avg 1.42553 excess 0 dia 2
N 48 k 28 opt 1.40425531914894 avg 1.40425531914894 excess 0 dia 2
N 48 k 29 opt 1.38297872340426 avg 1.38297872340426 excess 0 dia 2
N 48 k 30 opt 1.36170212765957 avg 1.3617 excess 0 dia 2
N 48 k 31 opt 1.34042553191489 avg 1.34042553191489 excess 0 dia 2
N 48 k 32 opt 1.31914893617021 avg 1.31914893617021 excess 0 dia 2
N 48 k 33 opt 1.29787234042553 avg 1.29787 excess 0 dia 2
N 48 k 34 opt 1.27659574468085 avg 1.27659574468085 excess 0 dia 2
N 48 k 35 opt 1.25531914893617 avg 1.25531914893617 excess 0 dia 2
N 48 k 36 opt 1.23404255319149 avg 1.23404 excess 0 dia 2
N 48 k 37 opt 1.21276595744681 avg 1.21276595744681 excess 0 dia 2
N 48 k 38 opt 1.19148936170213 avg 1.19148936170213 excess 0 dia 2
N 48 k 39 opt 1.17021276595745 avg 1.17021 excess 0 dia 2
N 48 k 40 opt 1.14893617021277 avg 1.14893617021277 excess 0 dia 2
N 48 k 41 opt 1.12765957446809 avg 1.12765957446809 excess 0 dia 2
N 48 k 42 opt 1.1063829787234 avg 1.10638 excess 0 dia 2
N 48 k 43 opt 1.08510638297872 avg 1.08510638297872 excess 0 dia 2
N 48 k 44 opt 1.06382978723404 avg 1.06382978723404 excess 0 dia 2
N 48 k 45 opt 1.04255319148936 avg 1.04255 excess 0 dia 2
N 48 k 46 opt 1.02127659574468 avg 1.02127659574468 excess 0 dia 2
N 49 k 2 opt 12.5 avg 12.5 excess 0 dia 24
N 49 k 4 opt 2.58333333333333 avg 2.61734693877551 excess 40 dia 4
N 49 k 6 opt 2.125 avg 2.125 excess 0 dia 3
N 49 k 8 opt 1.83333333333333 avg 1.83333 excess 0 dia 2
N 49 k 10 opt 1.79166666666667 avg 1.79166666666667 excess 0 dia 2
N 49 k 12 opt 1.75 avg 1.75 excess 0 dia 2
N 49 k 14 opt 1.70833333333333 avg 1.70833 excess 0 dia 2
N 49 k 16 opt 1.66666666666667 avg 1.66666666666667 excess 0 dia 2
N 49 k 18 opt 1.625 avg 1.625 excess 0 dia 2
N 49 k 20 opt 1.58333333333333 avg 1.58333 excess 0 dia 2
N 49 k 22 opt 1.54166666666667 avg 1.54166666666667 excess 0 dia 2
N 49 k 24 opt 1.5 avg 1.5 excess 0 dia 2
N 49 k 26 opt 1.45833333333333 avg 1.45833 excess 0 dia 2
N 49 k 28 opt 1.41666666666667 avg 1.41666666666667 excess 0 dia 2
N 49 k 30 opt 1.375 avg 1.375 excess 0 dia 2
N 49 k 32 opt 1.33333333333333 avg 1.33333 excess 0 dia 2
N 49 k 34 opt 1.29166666666667 avg 1.29166666666667 excess 0 dia 2
N 49 k 36 opt 1.25 avg 1.25 excess 0 dia 2
N 49 k 38 opt 1.20833333333333 avg 1.20833 excess 0 dia 2
N 49 k 40 opt 1.16666666666667 avg 1.16666666666667 excess 0 dia 2
N 49 k 42 opt 1.125 avg 1.125 excess 0 dia 2
N 49 k 44 opt 1.08333333333333 avg 1.08333 excess 0 dia 2
N 49 k 46 opt 1.04166666666667 avg 1.04166666666667 excess 0 dia 2
N 50 k 2 opt 12.7551020408163 avg 12.7551 excess 0 dia 25
N 50 k 3 opt 3.40816326530612 avg 3.41795918367347 excess 12 dia 5
N 50 k 4 opt 2.59183673469388 avg 2.64081632653061 excess 60 dia 4
N 50 k 5 opt 2.38775510204082 avg 2.38775510204082 excess 0 dia 3
N 50 k 6 opt 2.14285714285714 avg 2.14285714285714 excess 0 dia 3
N 50 k 7 opt 1.85714285714286 avg 1.85714 excess 0 dia 2
N 50 k 8 opt 1.83673469387755 avg 1.83673 excess 0 dia 2
N 50 k 9 opt 1.81632653061224 avg 1.81632653061224 excess 0 dia 2
N 50 k 10 opt 1.79591836734694 avg 1.79591836734694 excess 0 dia 2
N 50 k 11 opt 1.77551020408163 avg 1.77551 excess 0 dia 2
N 50 k 12 opt 1.75510204081633 avg 1.7551 excess 0 dia 2
N 50 k 13 opt 1.73469387755102 avg 1.73469 excess 0 dia 2
N 50 k 14 opt 1.71428571428571 avg 1.71428571428571 excess 0 dia 2
N 50 k 15 opt 1.69387755102041 avg 1.69387755102041 excess 0 dia 2
N 50 k 16 opt 1.6734693877551 avg 1.6734693877551 excess 0 dia 2
N 50 k 17 opt 1.6530612244898 avg 1.65306 excess 0 dia 2
N 50 k 18 opt 1.63265306122449 avg 1.63265 excess 0 dia 2
N 50 k 19 opt 1.61224489795918 avg 1.61224 excess 0 dia 2
N 50 k 20 opt 1.59183673469388 avg 1.59183673469388 excess 0 dia 2
N 50 k 21 opt 1.57142857142857 avg 1.57142857142857 excess 0 dia 2
N 50 k 22 opt 1.55102040816327 avg 1.55102 excess 0 dia 2
N 50 k 23 opt 1.53061224489796 avg 1.53061 excess 0 dia 2
N 50 k 24 opt 1.51020408163265 avg 1.5102 excess 0 dia 2
N 50 k 25 opt 1.48979591836735 avg 1.48979591836735 excess 0 dia 2
N 50 k 26 opt 1.46938775510204 avg 1.46938775510204 excess 0 dia 2
N 50 k 27 opt 1.44897959183673 avg 1.44897959183673 excess 0 dia 2
N 50 k 28 opt 1.42857142857143 avg 1.42857 excess 0 dia 2
N 50 k 29 opt 1.40816326530612 avg 1.40816 excess 0 dia 2
N 50 k 30 opt 1.38775510204082 avg 1.38775510204082 excess 0 dia 2
N 50 k 31 opt 1.36734693877551 avg 1.36734693877551 excess 0 dia 2
N 50 k 32 opt 1.3469387755102 avg 1.3469387755102 excess 0 dia 2
N 50 k 33 opt 1.3265306122449 avg 1.32653 excess 0 dia 2
N 50 k 34 opt 1.30612244897959 avg 1.30612 excess 0 dia 2
N 50 k 35 opt 1.28571428571429 avg 1.28571 excess 0 dia 2
N 50 k 36 opt 1.26530612244898 avg 1.26530612244898 excess 0 dia 2
N 50 k 37 opt 1.24489795918367 avg 1.24489795918367 excess 0 dia 2
N 50 k 38 opt 1.22448979591837 avg 1.22448979591837 excess 0 dia 2
N 50 k 39 opt 1.20408163265306 avg 1.20408 excess 0 dia 2
N 50 k 40 opt 1.18367346938776 avg 1.18367 excess 0 dia 2
N 50 k 41 opt 1.16326530612245 avg 1.16326530612245 excess 0 dia 2
N 50 k 42 opt 1.14285714285714 avg 1.14285714285714 excess 0 dia 2
N 50 k 43 opt 1.12244897959184 avg 1.12244897959184 excess 0 dia 2
N 50 k 44 opt 1.10204081632653 avg 1.10204 excess 0 dia 2
N 50 k 45 opt 1.08163265306122 avg 1.08163 excess 0 dia 2
N 50 k 46 opt 1.06122448979592 avg 1.06122 excess 0 dia 2
N 50 k 47 opt 1.04081632653061 avg 1.04081632653061 excess 0 dia 2
N 50 k 48 opt 1.02040816326531 avg 1.02040816326531 excess 0 dia 2
N 51 k 2 opt 13 avg 13 excess 0 dia 25
N 51 k 4 opt 2.6 avg 2.65882 excess 75 dia 4
N 51 k 6 opt 2.16 avg 2.16 excess 0 dia 3
N 51 k 8 opt 1.84 avg 1.84 excess 0 dia 2
N 51 k 10 opt 1.8 avg 1.8 excess 0 dia 2
N 51 k 12 opt 1.76 avg 1.76 excess 0 dia 2
N 51 k 14 opt 1.72 avg 1.72 excess 0 dia 2
N 51 k 16 opt 1.68 avg 1.68 excess 0 dia 2
N 51 k 18 opt 1.64 avg 1.64 excess 0 dia 2
N 51 k 20 opt 1.6 avg 1.6 excess 0 dia 2
N 51 k 22 opt 1.56 avg 1.56 excess 0 dia 2
N 51 k 24 opt 1.52 avg 1.52 excess 0 dia 2
N 51 k 26 opt 1.48 avg 1.48 excess 0 dia 2
N 51 k 28 opt 1.44 avg 1.44 excess 0 dia 2
N 51 k 30 opt 1.4 avg 1.4 excess 0 dia 2
N 51 k 32 opt 1.36 avg 1.36 excess 0 dia 2
N 51 k 34 opt 1.32 avg 1.32 excess 0 dia 2
N 51 k 36 opt 1.28 avg 1.28 excess 0 dia 2
N 51 k 38 opt 1.24 avg 1.24 excess 0 dia 2
N 51 k 40 opt 1.2 avg 1.2 excess 0 dia 2
N 51 k 42 opt 1.16 avg 1.16 excess 0 dia 2
N 51 k 44 opt 1.12 avg 1.12 excess 0 dia 2
N 51 k 46 opt 1.08 avg 1.08 excess 0 dia 2
N 51 k 48 opt 1.04 avg 1.04 excess 0 dia 2
N 52 k 2 opt 13.2549019607843 avg 13.2549 excess 0 dia 26
N 52 k 3 opt 3.47058823529412 avg 3.49019607843137 excess 26 dia 5
N 52 k 4 opt 2.6078431372549 avg 2.67119 excess 84 dia 4
N 52 k 5 opt 2.41176470588235 avg 2.41176 excess 0 dia 3
N 52 k 6 opt 2.17647058823529 avg 2.17647 excess 0 dia 3
N 52 k 7 opt 1.90196078431373 avg 1.92307692307692 excess 28 dia 3
N 52 k 8 opt 1.84313725490196 avg 1.84313725490196 excess 0 dia 2
N 52 k 9 opt 1.82352941176471 avg 1.82352941176471 excess 0 dia 2
N 52 k 10 opt 1.80392156862745 avg 1.80392 excess 0 dia 2
N 52 k 11 opt 1.7843137254902 avg 1.78431 excess 0 dia 2
N 52 k 12 opt 1.76470588235294 avg 1.76470588235294 excess 0 dia 2
N 52 k 13 opt 1.74509803921569 avg 1.74509803921569 excess 0 dia 2
N 52 k 14 opt 1.72549019607843 avg 1.72549 excess 0 dia 2
N 52 k 15 opt 1.70588235294118 avg 1.70588 excess 0 dia 2
N 52 k 16 opt 1.68627450980392 avg 1.68627 excess 0 dia 2
N 52 k 17 opt 1.66666666666667 avg 1.66666666666667 excess 0 dia 2
N 52 k 18 opt 1.64705882352941 avg 1.64705882352941 excess 0 dia 2
N 52 k 19 opt 1.62745098039216 avg 1.62745 excess 0 dia 2
N 52 k 20 opt 1.6078431372549 avg 1.60784 excess 0 dia 2
N 52 k 21 opt 1.58823529411765 avg 1.58823529411765 excess 0 dia 2
N 52 k 22 opt 1.56862745098039 avg 1.56862745098039 excess 0 dia 2
N 52 k 23 opt 1.54901960784314 avg 1.54901960784314 excess 0 dia 2
N 52 k 24 opt 1.52941176470588 avg 1.52941 excess 0 dia 2
N 52 k 25 opt 1.50980392156863 avg 1.5098 excess 0 dia 2
N 52 k 26 opt 1.49019607843137 avg 1.49019607843137 excess 0 dia 2
N 52 k 27 opt 1.47058823529412 avg 1.47058823529412 excess 0 dia 2
N 52 k 28 opt 1.45098039215686 avg 1.45098 excess 0 dia 2
N 52 k 29 opt 1.43137254901961 avg 1.43137 excess 0 dia 2
N 52 k 30 opt 1.41176470588235 avg 1.41176 excess 0 dia 2
N 52 k 31 opt 1.3921568627451 avg 1.3921568627451 excess 0 dia 2
N 52 k 32 opt 1.37254901960784 avg 1.37254901960784 excess 0 dia 2
N 52 k 33 opt 1.35294117647059 avg 1.35294 excess 0 dia 2
N 52 k 34 opt 1.33333333333333 avg 1.33333 excess 0 dia 2
N 52 k 35 opt 1.31372549019608 avg 1.31372549019608 excess 0 dia 2
N 52 k 36 opt 1.29411764705882 avg 1.29411764705882 excess 0 dia 2
N 52 k 37 opt 1.27450980392157 avg 1.27450980392157 excess 0 dia 2
N 52 k 38 opt 1.25490196078431 avg 1.2549 excess 0 dia 2
N 52 k 39 opt 1.23529411764706 avg 1.23529 excess 0 dia 2
N 52 k 40 opt 1.2156862745098 avg 1.2156862745098 excess 0 dia 2
N 52 k 41 opt 1.19607843137255 avg 1.19607843137255 excess 0 dia 2
N 52 k 42 opt 1.17647058823529 avg 1.17647 excess 0 dia 2
N 52 k 43 opt 1.15686274509804 avg 1.15686 excess 0 dia 2
N 52 k 44 opt 1.13725490196078 avg 1.13725 excess 0 dia 2
N 52 k 45 opt 1.11764705882353 avg 1.11764705882353 excess 0 dia 2
N 52 k 46 opt 1.09803921568627 avg 1.09803921568627 excess 0 dia 2
N 52 k 47 opt 1.07843137254902 avg 1.07843 excess 0 dia 2
N 52 k 48 opt 1.05882352941176 avg 1.05882 excess 0 dia 2
N 52 k 49 opt 1.03921568627451 avg 1.03921568627451 excess 0 dia 2
N 52 k 50 opt 1.01960784313725 avg 1.01960784313725 excess 0 dia 2
N 53 k 2 opt 13.5 avg 13.5 excess 0 dia 26
N 53 k 4 opt 2.61538461538462 avg 2.6894 excess 102 dia 4
N 53 k 6 opt 2.19230769230769 avg 2.19230769230769 excess 0 dia 3
N 53 k 8 opt 1.84615384615385 avg 1.84615 excess 0 dia 2
N 53 k 10 opt 1.80769230769231 avg 1.80769 excess 0 dia 2
N 53 k 12 opt 1.76923076923077 avg 1.76923 excess 0 dia 2
N 53 k 14 opt 1.73076923076923 avg 1.73076923076923 excess 0 dia 2
N 53 k 16 opt 1.69230769230769 avg 1.69230769230769 excess 0 dia 2
N 53 k 18 opt 1.65384615384615 avg 1.65384615384615 excess 0 dia 2
N 53 k 20 opt 1.61538461538462 avg 1.61538 excess 0 dia 2
N 53 k 22 opt 1.57692307692308 avg 1.57692 excess 0 dia 2
N 53 k 24 opt 1.53846153846154 avg 1.53846 excess 0 dia 2
N 53 k 26 opt 1.5 avg 1.5 excess 0 dia 2
N 53 k 28 opt 1.46153846153846 avg 1.46153846153846 excess 0 dia 2
N 53 k 30 opt 1.42307692307692 avg 1.42307692307692 excess 0 dia 2
N 53 k 32 opt 1.38461538461538 avg 1.38461538461538 excess 0 dia 2
N 53 k 34 opt 1.34615384615385 avg 1.34615 excess 0 dia 2
N 53 k 36 opt 1.30769230769231 avg 1.30769 excess 0 dia 2
N 53 k 38 opt 1.26923076923077 avg 1.26923 excess 0 dia 2
N 53 k 40 opt 1.23076923076923 avg 1.23076923076923 excess 0 dia 2
N 53 k 42 opt 1.19230769230769 avg 1.19230769230769 excess 0 dia 2
N 53 k 44 opt 1.15384615384615 avg 1.15384615384615 excess 0 dia 2
N 53 k 46 opt 1.11538461538462 avg 1.11538 excess 0 dia 2
N 53 k 48 opt 1.07692307692308 avg 1.07692 excess 0 dia 2
N 53 k 50 opt 1.03846153846154 avg 1.03846 excess 0 dia 2
N 54 k 2 opt 13.7547169811321 avg 13.7547 excess 0 dia 27
N 54 k 3 opt 3.52830188679245 avg 3.54157931516422 excess 19 dia 5
N 54 k 4 opt 2.64150943396226 avg 2.70859538784067 excess 96 dia 4
N 54 k 5 opt 2.43396226415094 avg 2.43396 excess 0 dia 3
N 54 k 6 opt 2.20754716981132 avg 2.20754716981132 excess 0 dia 3
N 54 k 7 opt 1.94339622641509 avg 1.96575821104123 excess 32 dia 3
N 54 k 8 opt 1.84905660377358 avg 1.84905660377358 excess 0 dia 2
N 54 k 9 opt 1.83018867924528 avg 1.83018867924528 excess 0 dia 2
N 54 k 10 opt 1.81132075471698 avg 1.81132 excess 0 dia 2
N 54 k 11 opt 1.79245283018868 avg 1.79245 excess 0 dia 2
N 54 k 12 opt 1.77358490566038 avg 1.77358 excess 0 dia 2
N 54 k 13 opt 1.75471698113208 avg 1.75471698113208 excess 0 dia 2
N 54 k 14 opt 1.73584905660377 avg 1.73584905660377 excess 0 dia 2
N 54 k 15 opt 1.71698113207547 avg 1.71698 excess 0 dia 2
N 54 k 16 opt 1.69811320754717 avg 1.69811 excess 0 dia 2
N 54 k 17 opt 1.67924528301887 avg 1.67924528301887 excess 0 dia 2
N 54 k 18 opt 1.66037735849057 avg 1.66037735849057 excess 0 dia 2
N 54 k 19 opt 1.64150943396226 avg 1.64150943396226 excess 0 dia 2
N 54 k 20 opt 1.62264150943396 avg 1.62264 excess 0 dia 2
N 54 k 21 opt 1.60377358490566 avg 1.60377 excess 0 dia 2
N 54 k 22 opt 1.58490566037736 avg 1.58490566037736 excess 0 dia 2
N 54 k 23 opt 1.56603773584906 avg 1.56603773584906 excess 0 dia 2
N 54 k 24 opt 1.54716981132075 avg 1.54716981132075 excess 0 dia 2
N 54 k 25 opt 1.52830188679245 avg 1.5283 excess 0 dia 2
N 54 k 26 opt 1.50943396226415 avg 1.50943 excess 0 dia 2
N 54 k 27 opt 1.49056603773585 avg 1.49056603773585 excess 0 dia 2
N 54 k 28 opt 1.47169811320755 avg 1.47169811320755 excess 0 dia 2
N 54 k 29 opt 1.45283018867925 avg 1.45283 excess 0 dia 2
N 54 k 30 opt 1.43396226415094 avg 1.43396 excess 0 dia 2
N 54 k 31 opt 1.41509433962264 avg 1.41509 excess 0 dia 2
N 54 k 32 opt 1.39622641509434 avg 1.39622641509434 excess 0 dia 2
N 54 k 33 opt 1.37735849056604 avg 1.37735849056604 excess 0 dia 2
N 54 k 34 opt 1.35849056603774 avg 1.35849 excess 0 dia 2
N 54 k 35 opt 1.33962264150943 avg 1.33962 excess 0 dia 2
N 54 k 36 opt 1.32075471698113 avg 1.32075 excess 0 dia 2
N 54 k 37 opt 1.30188679245283 avg 1.30188679245283 excess 0 dia 2
N 54 k 38 opt 1.28301886792453 avg 1.28301886792453 excess 0 dia 2
N 54 k 39 opt 1.26415094339623 avg 1.26415 excess 0 dia 2
N 54 k 40 opt 1.24528301886792 avg 1.24528 excess 0 dia 2
N 54 k 41 opt 1.22641509433962 avg 1.22641509433962 excess 0 dia 2
N 54 k 42 opt 1.20754716981132 avg 1.20754716981132 excess 0 dia 2
N 54 k 43 opt 1.18867924528302 avg 1.18867924528302 excess 0 dia 2
N 54 k 44 opt 1.16981132075472 avg 1.16981 excess 0 dia 2
N 54 k 45 opt 1.15094339622642 avg 1.15094 excess 0 dia 2
N 54 k 46 opt 1.13207547169811 avg 1.13207547169811 excess 0 dia 2
N 54 k 47 opt 1.11320754716981 avg 1.11320754716981 excess 0 dia 2
N 54 k 48 opt 1.09433962264151 avg 1.09433962264151 excess 0 dia 2
N 54 k 49 opt 1.07547169811321 avg 1.07547 excess 0 dia 2
N 54 k 50 opt 1.05660377358491 avg 1.0566 excess 0 dia 2
N 54 k 51 opt 1.0377358490566 avg 1.0377358490566 excess 0 dia 2
N 54 k 52 opt 1.0188679245283 avg 1.0188679245283 excess 0 dia 2
N 55 k 2 opt 14 avg 14 excess 0 dia 27
N 55 k 4 opt 2.66666666666667 avg 2.72659932659933 excess 89 dia 4
N 55 k 6 opt 2.22222222222222 avg 2.22222 excess 0 dia 3
N 55 k 8 opt 1.85185185185185 avg 1.85185 excess 0 dia 2
N 55 k 10 opt 1.81481481481481 avg 1.81481 excess 0 dia 2
N 55 k 12 opt 1.77777777777778 avg 1.77777777777778 excess 0 dia 2
N 55 k 14 opt 1.74074074074074 avg 1.74074 excess 0 dia 2
N 55 k 16 opt 1.7037037037037 avg 1.7037 excess 0 dia 2
N 55 k 18 opt 1.66666666666667 avg 1.66666666666667 excess 0 dia 2
N 55 k 20 opt 1.62962962962963 avg 1.62962962962963 excess 0 dia 2
N 55 k 22 opt 1.59259259259259 avg 1.59259 excess 0 dia 2
N 55 k 24 opt 1.55555555555556 avg 1.55555555555556 excess 0 dia 2
N 55 k 26 opt 1.51851851851852 avg 1.51851851851852 excess 0 dia 2
N 55 k 28 opt 1.48148148148148 avg 1.48148 excess 0 dia 2
N 55 k 30 opt 1.44444444444444 avg 1.44444 excess 0 dia 2
N 55 k 32 opt 1.40740740740741 avg 1.40740740740741 excess 0 dia 2
N 55 k 34 opt 1.37037037037037 avg 1.37037 excess 0 dia 2
N 55 k 36 opt 1.33333333333333 avg 1.33333 excess 0 dia 2
N 55 k 38 opt 1.2962962962963 avg 1.2962962962963 excess 0 dia 2
N 55 k 40 opt 1.25925925925926 avg 1.25925925925926 excess 0 dia 2
N 55 k 42 opt 1.22222222222222 avg 1.22222 excess 0 dia 2
N 55 k 44 opt 1.18518518518519 avg 1.18518518518519 excess 0 dia 2
N 55 k 46 opt 1.14814814814815 avg 1.14814814814815 excess 0 dia 2
N 55 k 48 opt 1.11111111111111 avg 1.11111 excess 0 dia 2
N 55 k 50 opt 1.07407407407407 avg 1.07407 excess 0 dia 2
N 55 k 52 opt 1.03703703703704 avg 1.03703703703704 excess 0 dia 2
N 56 k 2 opt 14.2545454545455 avg 14.2545 excess 0 dia 28
N 56 k 3 opt 3.58181818181818 avg 3.58896 excess 11 dia 6
N 56 k 4 opt 2.69090909090909 avg 2.73766 excess 72 dia 4
N 56 k 5 opt 2.45454545454545 avg 2.45454545454545 excess 0 dia 3
N 56 k 6 opt 2.23636363636364 avg 2.23636 excess 0 dia 3
N 56 k 7 opt 1.98181818181818 avg 2.0012987012987 excess 30 dia 3
N 56 k 8 opt 1.85454545454545 avg 1.85584 excess 2 dia 3
N 56 k 9 opt 1.83636363636364 avg 1.83636 excess 0 dia 2
N 56 k 10 opt 1.81818181818182 avg 1.81818 excess 0 dia 2
N 56 k 11 opt 1.8 avg 1.8 excess 0 dia 2
N 56 k 12 opt 1.78181818181818 avg 1.78181818181818 excess 0 dia 2
N 56 k 13 opt 1.76363636363636 avg 1.76363636363636 excess 0 dia 2
N 56 k 14 opt 1.74545454545455 avg 1.74545 excess 0 dia 2
N 56 k 15 opt 1.72727272727273 avg 1.72727 excess 0 dia 2
N 56 k 16 opt 1.70909090909091 avg 1.70909 excess 0 dia 2
N 56 k 17 opt 1.69090909090909 avg 1.69090909090909 excess 0 dia 2
N 56 k 18 opt 1.67272727272727 avg 1.67272727272727 excess 0 dia 2
N 56 k 19 opt 1.65454545454545 avg 1.65454545454545 excess 0 dia 2
N 56 k 20 opt 1.63636363636364 avg 1.63636 excess 0 dia 2
N 56 k 21 opt 1.61818181818182 avg 1.61818 excess 0 dia 2
N 56 k 22 opt 1.6 avg 1.6 excess 0 dia 2
N 56 k 23 opt 1.58181818181818 avg 1.58181818181818 excess 0 dia 2
N 56 k 24 opt 1.56363636363636 avg 1.56363636363636 excess 0 dia 2
N 56 k 25 opt 1.54545454545455 avg 1.54545 excess 0 dia 2
N 56 k 26 opt 1.52727272727273 avg 1.52727 excess 0 dia 2
N 56 k 27 opt 1.50909090909091 avg 1.50909 excess 0 dia 2
N 56 k 28 opt 1.49090909090909 avg 1.49090909090909 excess 0 dia 2
N 56 k 29 opt 1.47272727272727 avg 1.47272727272727 excess 0 dia 2
N 56 k 30 opt 1.45454545454545 avg 1.45454545454545 excess 0 dia 2
N 56 k 31 opt 1.43636363636364 avg 1.43636 excess 0 dia 2
N 56 k 32 opt 1.41818181818182 avg 1.41818 excess 0 dia 2
N 56 k 33 opt 1.4 avg 1.4 excess 0 dia 2
N 56 k 34 opt 1.38181818181818 avg 1.38181818181818 excess 0 dia 2
N 56 k 35 opt 1.36363636363636 avg 1.36363636363636 excess 0 dia 2
N 56 k 36 opt 1.34545454545455 avg 1.34545 excess 0 dia 2
N 56 k 37 opt 1.32727272727273 avg 1.32727 excess 0 dia 2
N 56 k 38 opt 1.30909090909091 avg 1.30909 excess 0 dia 2
N 56 k 39 opt 1.29090909090909 avg 1.29090909090909 excess 0 dia 2
N 56 k 40 opt 1.27272727272727 avg 1.27272727272727 excess 0 dia 2
N 56 k 41 opt 1.25454545454545 avg 1.25454545454545 excess 0 dia 2
N 56 k 42 opt 1.23636363636364 avg 1.23636 excess 0 dia 2
N 56 k 43 opt 1.21818181818182 avg 1.21818 excess 0 dia 2
N 56 k 44 opt 1.2 avg 1.2 excess 0 dia 2
N 56 k 45 opt 1.18181818181818 avg 1.18181818181818 excess 0 dia 2
N 56 k 46 opt 1.16363636363636 avg 1.16363636363636 excess 0 dia 2
N 56 k 47 opt 1.14545454545455 avg 1.14545 excess 0 dia 2
N 56 k 48 opt 1.12727272727273 avg 1.12727 excess 0 dia 2
N 56 k 49 opt 1.10909090909091 avg 1.10909 excess 0 dia 2
N 56 k 50 opt 1.09090909090909 avg 1.09090909090909 excess 0 dia 2
N 56 k 51 opt 1.07272727272727 avg 1.07272727272727 excess 0 dia 2
N 56 k 52 opt 1.05454545454545 avg 1.05454545454545 excess 0 dia 2
N 56 k 53 opt 1.03636363636364 avg 1.03636 excess 0 dia 2
N 56 k 54 opt 1.01818181818182 avg 1.01818 excess 0 dia 2
N 57 k 2 opt 14.5 avg 14.5 excess 0 dia 28
N 57 k 4 opt 2.71428571428571 avg 2.75814536340852 excess 70 dia 4
N 57 k 6 opt 2.25 avg 2.25 excess 0 dia 3
N 57 k 8 opt 1.85714285714286 avg 1.85714 excess 0 dia 2
N 57 k 10 opt 1.82142857142857 avg 1.82142857142857 excess 0 dia 2
N 57 k 12 opt 1.78571428571429 avg 1.78571 excess 0 dia 2
N 57 k 14 opt 1.75 avg 1.75 excess 0 dia 2
N 57 k 16 opt 1.71428571428571 avg 1.71428571428571 excess 0 dia 2
N 57 k 18 opt 1.67857142857143 avg 1.67857 excess 0 dia 2
N 57 k 20 opt 1.64285714285714 avg 1.64285714285714 excess 0 dia 2
N 57 k 22 opt 1.60714285714286 avg 1.60714 excess 0 dia 2
N 57 k 24 opt 1.57142857142857 avg 1.57142857142857 excess 0 dia 2
N 57 k 26 opt 1.53571428571429 avg 1.53571 excess 0 dia 2
N 57 k 28 opt 1.5 avg 1.5 excess 0 dia 2
N 57 k 30 opt 1.46428571428571 avg 1.46428571428571 excess 0 dia 2
N 57 k 32 opt 1.42857142857143 avg 1.42857 excess 0 dia 2
N 57 k 34 opt 1.39285714285714 avg 1.39285714285714 excess 0 dia 2
N 57 k 36 opt 1.35714285714286 avg 1.35714 excess 0 dia 2
N 57 k 38 opt 1.32142857142857 avg 1.32142857142857 excess 0 dia 2
N 57 k 40 opt 1.28571428571429 avg 1.28571 excess 0 dia 2
N 57 k 42 opt 1.25 avg 1.25 excess 0 dia 2
N 57 k 44 opt 1.21428571428571 avg 1.21428571428571 excess 0 dia 2
N 57 k 46 opt 1.17857142857143 avg 1.17857 excess 0 dia 2
N 57 k 48 opt 1.14285714285714 avg 1.14285714285714 excess 0 dia 2
N 57 k 50 opt 1.10714285714286 avg 1.10714 excess 0 dia 2
N 57 k 52 opt 1.07142857142857 avg 1.07142857142857 excess 0 dia 2
N 57 k 54 opt 1.03571428571429 avg 1.03571 excess 0 dia 2
N 58 k 2 opt 14.7543859649123 avg 14.7544 excess 0 dia 29
N 58 k 3 opt 3.63157894736842 avg 3.63218 excess 1 dia 6
N 58 k 4 opt 2.73684210526316 avg 2.77495 excess 63 dia 4
N 58 k 5 opt 2.47368421052632 avg 2.47368 excess 0 dia 3
N 58 k 6 opt 2.26315789473684 avg 2.26315789473684 excess 0 dia 3
N 58 k 7 opt 2.01754385964912 avg 2.03629764065336 excess 31 dia 3
N 58 k 8 opt 1.85964912280702 avg 1.86509 excess 9 dia 3
N 58 k 9 opt 1.84210526315789 avg 1.84331518451301 excess 2 dia 3
N 58 k 10 opt 1.82456140350877 avg 1.82456 excess 0 dia 2
N 58 k 11 opt 1.80701754385965 avg 1.80701754385965 excess 0 dia 2
N 58 k 12 opt 1.78947368421053 avg 1.78947 excess 0 dia 2
N 58 k 13 opt 1.7719298245614 avg 1.7719298245614 excess 0 dia 2
N 58 k 14 opt 1.75438596491228 avg 1.75438596491228 excess 0 dia 2
N 58 k 15 opt 1.73684210526316 avg 1.73684 excess 0 dia 2
N 58 k 16 opt 1.71929824561404 avg 1.71929824561404 excess 0 dia 2
N 58 k 17 opt 1.70175438596491 avg 1.70175 excess 0 dia 2
N 58 k 18 opt 1.68421052631579 avg 1.68421 excess 0 dia 2
N 58 k 19 opt 1.66666666666667 avg 1.66666666666667 excess 0 dia 2
N 58 k 20 opt 1.64912280701754 avg 1.64912 excess 0 dia 2
N 58 k 21 opt 1.63157894736842 avg 1.63157894736842 excess 0 dia 2
N 58 k 22 opt 1.6140350877193 avg 1.6140350877193 excess 0 dia 2
N 58 k 23 opt 1.59649122807018 avg 1.59649 excess 0 dia 2
N 58 k 24 opt 1.57894736842105 avg 1.57894736842105 excess 0 dia 2
N 58 k 25 opt 1.56140350877193 avg 1.5614 excess 0 dia 2
N 58 k 26 opt 1.54385964912281 avg 1.54385964912281 excess 0 dia 2
N 58 k 27 opt 1.52631578947368 avg 1.52631578947368 excess 0 dia 2
N 58 k 28 opt 1.50877192982456 avg 1.50877 excess 0 dia 2
N 58 k 29 opt 1.49122807017544 avg 1.49122807017544 excess 0 dia 2
N 58 k 30 opt 1.47368421052632 avg 1.47368 excess 0 dia 2
N 58 k 31 opt 1.45614035087719 avg 1.45614 excess 0 dia 2
N 58 k 32 opt 1.43859649122807 avg 1.43859649122807 excess 0 dia 2
N 58 k 33 opt 1.42105263157895 avg 1.42105 excess 0 dia 2
N 58 k 34 opt 1.40350877192982 avg 1.40350877192982 excess 0 dia 2
N 58 k 35 opt 1.3859649122807 avg 1.38596 excess 0 dia 2
N 58 k 36 opt 1.36842105263158 avg 1.36842 excess 0 dia 2
N 58 k 37 opt 1.35087719298246 avg 1.35087719298246 excess 0 dia 2
N 58 k 38 opt 1.33333333333333 avg 1.33333 excess 0 dia 2
N 58 k 39 opt 1.31578947368421 avg 1.31578947368421 excess 0 dia 2
N 58 k 40 opt 1.29824561403509 avg 1.29824561403509 excess 0 dia 2
N 58 k 41 opt 1.28070175438596 avg 1.2807 excess 0 dia 2
N 58 k 42 opt 1.26315789473684 avg 1.26315789473684 excess 0 dia 2
N 58 k 43 opt 1.24561403508772 avg 1.24561 excess 0 dia 2
N 58 k 44 opt 1.2280701754386 avg 1.22807 excess 0 dia 2
N 58 k 45 opt 1.21052631578947 avg 1.21052631578947 excess 0 dia 2
N 58 k 46 opt 1.19298245614035 avg 1.19298 excess 0 dia 2
N 58 k 47 opt 1.17543859649123 avg 1.17543859649123 excess 0 dia 2
N 58 k 48 opt 1.15789473684211 avg 1.15789 excess 0 dia 2
N 58 k 49 opt 1.14035087719298 avg 1.14035 excess 0 dia 2
N 58 k 50 opt 1.12280701754386 avg 1.12280701754386 excess 0 dia 2
N 58 k 51 opt 1.10526315789474 avg 1.10526 excess 0 dia 2
N 58 k 52 opt 1.08771929824561 avg 1.08771929824561 excess 0 dia 2
N 58 k 53 opt 1.07017543859649 avg 1.07017543859649 excess 0 dia 2
N 58 k 54 opt 1.05263157894737 avg 1.05263 excess 0 dia 2
N 58 k 55 opt 1.03508771929825 avg 1.03508771929825 excess 0 dia 2
N 58 k 56 opt 1.01754385964912 avg 1.01754 excess 0 dia 2
N 59 k 2 opt 15 avg 15 excess 0 dia 29
N 59 k 4 opt 2.75862068965517 avg 2.7895967270602 excess 53 dia 4
N 59 k 6 opt 2.27586206896552 avg 2.27586 excess 0 dia 3
N 59 k 8 opt 1.86206896551724 avg 1.87375803623612 excess 20 dia 3
N 59 k 10 opt 1.82758620689655 avg 1.82758620689655 excess 0 dia 2
N 59 k 12 opt 1.79310344827586 avg 1.7931 excess 0 dia 2
N 59 k 14 opt 1.75862068965517 avg 1.75862 excess 0 dia 2
N 59 k 16 opt 1.72413793103448 avg 1.72413793103448 excess 0 dia 2
N 59 k 18 opt 1.68965517241379 avg 1.68965517241379 excess 0 dia 2
N 59 k 20 opt 1.6551724137931 avg 1.65517 excess 0 dia 2
N 59 k 22 opt 1.62068965517241 avg 1.62068965517241 excess 0 dia 2
N 59 k 24 opt 1.58620689655172 avg 1.58620689655172 excess 0 dia 2
N 59 k 26 opt 1.55172413793103 avg 1.55172 excess 0 dia 2
N 59 k 28 opt 1.51724137931034 avg 1.51724 excess 0 dia 2
N 59 k 30 opt 1.48275862068966 avg 1.48275862068966 excess 0 dia 2
N 59 k 32 opt 1.44827586206897 avg 1.44827586206897 excess 0 dia 2
N 59 k 34 opt 1.41379310344828 avg 1.41379 excess 0 dia 2
N 59 k 36 opt 1.37931034482759 avg 1.37931 excess 0 dia 2
N 59 k 38 opt 1.3448275862069 avg 1.3448275862069 excess 0 dia 2
N 59 k 40 opt 1.31034482758621 avg 1.31034 excess 0 dia 2
N 59 k 42 opt 1.27586206896552 avg 1.27586 excess 0 dia 2
N 59 k 44 opt 1.24137931034483 avg 1.24137931034483 excess 0 dia 2
N 59 k 46 opt 1.20689655172414 avg 1.20689655172414 excess 0 dia 2
N 59 k 48 opt 1.17241379310345 avg 1.17241 excess 0 dia 2
N 59 k 50 opt 1.13793103448276 avg 1.13793 excess 0 dia 2
N 59 k 52 opt 1.10344827586207 avg 1.10344827586207 excess 0 dia 2
N 59 k 54 opt 1.06896551724138 avg 1.06896551724138 excess 0 dia 2
N 59 k 56 opt 1.03448275862069 avg 1.03448 excess 0 dia 2
N 60 k 2 opt 15.2542372881356 avg 15.2542 excess 0 dia 30
N 60 k 3 opt 3.67796610169492 avg 3.67796610169492 excess 0 dia 5
N 60 k 4 opt 2.77966101694915 avg 2.8045197740113 excess 44 dia 4
N 60 k 5 opt 2.49152542372881 avg 2.49152542372881 excess 0 dia 3
N 60 k 6 opt 2.28813559322034 avg 2.28813559322034 excess 0 dia 3
N 60 k 7 opt 2.05084745762712 avg 2.05084745762712 excess 0 dia 3
N 60 k 8 opt 1.86440677966102 avg 1.87570621468927 excess 20 dia 3
N 60 k 9 opt 1.84745762711864 avg 1.84745762711864 excess 0 dia 2
N 60 k 10 opt 1.83050847457627 avg 1.83050847457627 excess 0 dia 2
N 60 k 11 opt 1.8135593220339 avg 1.8135593220339 excess 0 dia 2
N 60 k 12 opt 1.79661016949153 avg 1.79661 excess 0 dia 2
N 60 k 13 opt 1.77966101694915 avg 1.77966 excess 0 dia 2
N 60 k 14 opt 1.76271186440678 avg 1.76271 excess 0 dia 2
N 60 k 15 opt 1.74576271186441 avg 1.74576 excess 0 dia 2
N 60 k 16 opt 1.72881355932203 avg 1.72881 excess 0 dia 2
N 60 k 17 opt 1.71186440677966 avg 1.71186 excess 0 dia 2
N 60 k 18 opt 1.69491525423729 avg 1.69491525423729 excess 0 dia 2
N 60 k 19 opt 1.67796610169492 avg 1.67796610169492 excess 0 dia 2
N 60 k 20 opt 1.66101694915254 avg 1.66101694915254 excess 0 dia 2
N 60 k 21 opt 1.64406779661017 avg 1.64406779661017 excess 0 dia 2
N 60 k 22 opt 1.6271186440678 avg 1.6271186440678 excess 0 dia 2
N 60 k 23 opt 1.61016949152542 avg 1.61016949152542 excess 0 dia 2
N 60 k 24 opt 1.59322033898305 avg 1.59322 excess 0 dia 2
N 60 k 25 opt 1.57627118644068 avg 1.57627 excess 0 dia 2
N 60 k 26 opt 1.55932203389831 avg 1.55932 excess 0 dia 2
N 60 k 27 opt 1.54237288135593 avg 1.54237 excess 0 dia 2
N 60 k 28 opt 1.52542372881356 avg 1.52542 excess 0 dia 2
N 60 k 29 opt 1.50847457627119 avg 1.50847 excess 0 dia 2
N 60 k 30 opt 1.49152542372881 avg 1.49152542372881 excess 0 dia 2
N 60 k 31 opt 1.47457627118644 avg 1.47457627118644 excess 0 dia 2
N 60 k 32 opt 1.45762711864407 avg 1.45762711864407 excess 0 dia 2
N 60 k 33 opt 1.44067796610169 avg 1.44067796610169 excess 0 dia 2
N 60 k 34 opt 1.42372881355932 avg 1.42372881355932 excess 0 dia 2
N 60 k 35 opt 1.40677966101695 avg 1.40677966101695 excess 0 dia 2
N 60 k 36 opt 1.38983050847458 avg 1.38983 excess 0 dia 2
N 60 k 37 opt 1.3728813559322 avg 1.37288 excess 0 dia 2
N 60 k 38 opt 1.35593220338983 avg 1.35593 excess 0 dia 2
N 60 k 39 opt 1.33898305084746 avg 1.33898 excess 0 dia 2
N 60 k 40 opt 1.32203389830508 avg 1.32203 excess 0 dia 2
N 60 k 41 opt 1.30508474576271 avg 1.30508 excess 0 dia 2
N 60 k 42 opt 1.28813559322034 avg 1.28813559322034 excess 0 dia 2
N 60 k 43 opt 1.27118644067797 avg 1.27118644067797 excess 0 dia 2
N 60 k 44 opt 1.25423728813559 avg 1.25423728813559 excess 0 dia 2
N 60 k 45 opt 1.23728813559322 avg 1.23728813559322 excess 0 dia 2
N 60 k 46 opt 1.22033898305085 avg 1.22033898305085 excess 0 dia 2
N 60 k 47 opt 1.20338983050847 avg 1.20338983050847 excess 0 dia 2
N 60 k 48 opt 1.1864406779661 avg 1.18644 excess 0 dia 2
N 60 k 49 opt 1.16949152542373 avg 1.16949 excess 0 dia 2
N 60 k 50 opt 1.15254237288136 avg 1.15254 excess 0 dia 2
N 60 k 51 opt 1.13559322033898 avg 1.13559 excess 0 dia 2
N 60 k 52 opt 1.11864406779661 avg 1.11864 excess 0 dia 2
N 60 k 53 opt 1.10169491525424 avg 1.10169 excess 0 dia 2
N 60 k 54 opt 1.08474576271186 avg 1.08474576271186 excess 0 dia 2
N 60 k 55 opt 1.06779661016949 avg 1.06779661016949 excess 0 dia 2
N 60 k 56 opt 1.05084745762712 avg 1.05084745762712 excess 0 dia 2
N 60 k 57 opt 1.03389830508475 avg 1.03389830508475 excess 0 dia 2
N 60 k 58 opt 1.01694915254237 avg 1.01694915254237 excess 0 dia 2
N 61 k 2 opt 15.5 avg 15.5 excess 0 dia 30
N 61 k 4 opt 2.8 avg 2.82732 excess 50 dia 4
N 61 k 6 opt 2.3 avg 2.3 excess 0 dia 3
N 61 k 8 opt 1.86666666666667 avg 1.8879781420765 excess 39 dia 3
N 61 k 10 opt 1.83333333333333 avg 1.83333 excess 0 dia 2
N 61 k 12 opt 1.8 avg 1.8 excess 0 dia 2
N 61 k 14 opt 1.76666666666667 avg 1.76666666666667 excess 0 dia 2
N 61 k 16 opt 1.73333333333333 avg 1.73333 excess 0 dia 2
N 61 k 18 opt 1.7 avg 1.7 excess 0 dia 2
N 61 k 20 opt 1.66666666666667 avg 1.66666666666667 excess 0 dia 2
N 61 k 22 opt 1.63333333333333 avg 1.63333 excess 0 dia 2
N 61 k 24 opt 1.6 avg 1.6 excess 0 dia 2
N 61 k 26 opt 1.56666666666667 avg 1.56666666666667 excess 0 dia 2
N 61 k 28 opt 1.53333333333333 avg 1.53333 excess 0 dia 2
N 61 k 30 opt 1.5 avg 1.5 excess 0 dia 2
N 61 k 32 opt 1.46666666666667 avg 1.46666666666667 excess 0 dia 2
N 61 k 34 opt 1.43333333333333 avg 1.43333 excess 0 dia 2
N 61 k 36 opt 1.4 avg 1.4 excess 0 dia 2
N 61 k 38 opt 1.36666666666667 avg 1.36666666666667 excess 0 dia 2
N 61 k 40 opt 1.33333333333333 avg 1.33333 excess 0 dia 2
N 61 k 42 opt 1.3 avg 1.3 excess 0 dia 2
N 61 k 44 opt 1.26666666666667 avg 1.26666666666667 excess 0 dia 2
N 61 k 46 opt 1.23333333333333 avg 1.23333 excess 0 dia 2
N 61 k 48 opt 1.2 avg 1.2 excess 0 dia 2
N 61 k 50 opt 1.16666666666667 avg 1.16666666666667 excess 0 dia 2
N 61 k 52 opt 1.13333333333333 avg 1.13333 excess 0 dia 2
N 61 k 54 opt 1.1 avg 1.1 excess 0 dia 2
N 61 k 56 opt 1.06666666666667 avg 1.06666666666667 excess 0 dia 2
N 61 k 58 opt 1.03333333333333 avg 1.03333 excess 0 dia 2
N 62 k 2 opt 15.7540983606557 avg 15.7541 excess 0 dia 31
N 62 k 3 opt 3.72131147540984 avg 3.72342675832893 excess 4 dia 5
N 62 k 4 opt 2.81967213114754 avg 2.84294 excess 44 dia 4
N 62 k 5 opt 2.50819672131148 avg 2.50925 excess 2 dia 4
N 62 k 6 opt 2.31147540983607 avg 2.31147540983607 excess 0 dia 3
N 62 k 7 opt 2.08196721311475 avg 2.09624537281861 excess 27 dia 3
N 62 k 8 opt 1.86885245901639 avg 1.89740877842411 excess 54 dia 3
N 62 k 9 opt 1.85245901639344 avg 1.86144896879958 excess 17 dia 3
N 62 k 10 opt 1.83606557377049 avg 1.83606557377049 excess 0 dia 2
N 62 k 11 opt 1.81967213114754 avg 1.81967 excess 0 dia 2
N 62 k 12 opt 1.80327868852459 avg 1.80327868852459 excess 0 dia 2
N 62 k 13 opt 1.78688524590164 avg 1.78688524590164 excess 0 dia 2
N 62 k 14 opt 1.77049180327869 avg 1.77049 excess 0 dia 2
N 62 k 15 opt 1.75409836065574 avg 1.75409836065574 excess 0 dia 2
N 62 k 16 opt 1.73770491803279 avg 1.7377 excess 0 dia 2
N 62 k 17 opt 1.72131147540984 avg 1.72131 excess 0 dia 2
N 62 k 18 opt 1.70491803278689 avg 1.70491803278689 excess 0 dia 2
N 62 k 19 opt 1.68852459016393 avg 1.68852 excess 0 dia 2
N 62 k 20 opt 1.67213114754098 avg 1.67213 excess 0 dia 2
N 62 k 21 opt 1.65573770491803 avg 1.65573770491803 excess 0 dia 2
N 62 k 22 opt 1.63934426229508 avg 1.63934 excess 0 dia 2
N 62 k 23 opt 1.62295081967213 avg 1.62295 excess 0 dia 2
N 62 k 24 opt 1.60655737704918 avg 1.60655737704918 excess 0 dia 2
N 62 k 25 opt 1.59016393442623 avg 1.59016 excess 0 dia 2
N 62 k 26 opt 1.57377049180328 avg 1.57377 excess 0 dia 2
N 62 k 27 opt 1.55737704918033 avg 1.55737704918033 excess 0 dia 2
N 62 k 28 opt 1.54098360655738 avg 1.54098 excess 0 dia 2
N 62 k 29 opt 1.52459016393443 avg 1.52459 excess 0 dia 2
N 62 k 30 opt 1.50819672131148 avg 1.50819672131148 excess 0 dia 2
N 62 k 31 opt 1.49180327868852 avg 1.4918 excess 0 dia 2
N 62 k 32 opt 1.47540983606557 avg 1.47540983606557 excess 0 dia 2
N 62 k 33 opt 1.45901639344262 avg 1.45901639344262 excess 0 dia 2
N 62 k 34 opt 1.44262295081967 avg 1.44262 excess 0 dia 2
N 62 k 35 opt 1.42622950819672 avg 1.42622950819672 excess 0 dia 2
N 62 k 36 opt 1.40983606557377 avg 1.40983606557377 excess 0 dia 2
N 62 k 37 opt 1.39344262295082 avg 1.39344 excess 0 dia 2
N 62 k 38 opt 1.37704918032787 avg 1.37704918032787 excess 0 dia 2
N 62 k 39 opt 1.36065573770492 avg 1.36065573770492 excess 0 dia 2
N 62 k 40 opt 1.34426229508197 avg 1.34426 excess 0 dia 2
N 62 k 41 opt 1.32786885245902 avg 1.32786885245902 excess 0 dia 2
N 62 k 42 opt 1.31147540983607 avg 1.31147540983607 excess 0 dia 2
N 62 k 43 opt 1.29508196721311 avg 1.29508 excess 0 dia 2
N 62 k 44 opt 1.27868852459016 avg 1.27868852459016 excess 0 dia 2
N 62 k 45 opt 1.26229508196721 avg 1.26229508196721 excess 0 dia 2
N 62 k 46 opt 1.24590163934426 avg 1.2459 excess 0 dia 2
N 62 k 47 opt 1.22950819672131 avg 1.22950819672131 excess 0 dia 2
N 62 k 48 opt 1.21311475409836 avg 1.21311 excess 0 dia 2
N 62 k 49 opt 1.19672131147541 avg 1.19672 excess 0 dia 2
N 62 k 50 opt 1.18032786885246 avg 1.18032786885246 excess 0 dia 2
N 62 k 51 opt 1.16393442622951 avg 1.16393 excess 0 dia 2
N 62 k 52 opt 1.14754098360656 avg 1.14754 excess 0 dia 2
N 62 k 53 opt 1.13114754098361 avg 1.13114754098361 excess 0 dia 2
N 62 k 54 opt 1.11475409836066 avg 1.11475 excess 0 dia 2
N 62 k 55 opt 1.09836065573771 avg 1.09836 excess 0 dia 2
N 62 k 56 opt 1.08196721311475 avg 1.08196721311475 excess 0 dia 2
N 62 k 57 opt 1.0655737704918 avg 1.06557 excess 0 dia 2
N 62 k 58 opt 1.04918032786885 avg 1.04918 excess 0 dia 2
N 62 k 59 opt 1.0327868852459 avg 1.0327868852459 excess 0 dia 2
N 62 k 60 opt 1.01639344262295 avg 1.01639 excess 0 dia 2
N 63 k 2 opt 16 avg 16 excess 0 dia 31
N 63 k 4 opt 2.83870967741935 avg 2.85099846390169 excess 24 dia 4
N 63 k 6 opt 2.32258064516129 avg 2.32258 excess 0 dia 3
N 63 k 8 opt 1.87096774193548 avg 1.90937 excess 75 dia 3
N 63 k 10 opt 1.83870967741935 avg 1.83870967741935 excess 0 dia 2
N 63 k 12 opt 1.80645161290323 avg 1.80645 excess 0 dia 2
N 63 k 14 opt 1.7741935483871 avg 1.77419 excess 0 dia 2
N 63 k 16 opt 1.74193548387097 avg 1.74193548387097 excess 0 dia 2
N 63 k 18 opt 1.70967741935484 avg 1.70967741935484 excess 0 dia 2
N 63 k 20 opt 1.67741935483871 avg 1.67741935483871 excess 0 dia 2
N 63 k 22 opt 1.64516129032258 avg 1.64516 excess 0 dia 2
N 63 k 24 opt 1.61290322580645 avg 1.6129 excess 0 dia 2
N 63 k 26 opt 1.58064516129032 avg 1.58064516129032 excess 0 dia 2
N 63 k 28 opt 1.54838709677419 avg 1.54838709677419 excess 0 dia 2
N 63 k 30 opt 1.51612903225806 avg 1.51612903225806 excess 0 dia 2
N 63 k 32 opt 1.48387096774194 avg 1.48387 excess 0 dia 2
N 63 k 34 opt 1.45161290322581 avg 1.45161 excess 0 dia 2
N 63 k 36 opt 1.41935483870968 avg 1.41935 excess 0 dia 2
N 63 k 38 opt 1.38709677419355 avg 1.38709677419355 excess 0 dia 2
N 63 k 40 opt 1.35483870967742 avg 1.35483870967742 excess 0 dia 2
N 63 k 42 opt 1.32258064516129 avg 1.32258 excess 0 dia 2
N 63 k 44 opt 1.29032258064516 avg 1.29032 excess 0 dia 2
N 63 k 46 opt 1.25806451612903 avg 1.25806 excess 0 dia 2
N 63 k 48 opt 1.2258064516129 avg 1.2258064516129 excess 0 dia 2
N 63 k 50 opt 1.19354838709677 avg 1.19354838709677 excess 0 dia 2
N 63 k 52 opt 1.16129032258065 avg 1.16129 excess 0 dia 2
N 63 k 54 opt 1.12903225806452 avg 1.12903 excess 0 dia 2
N 63 k 56 opt 1.09677419354839 avg 1.09677 excess 0 dia 2
N 63 k 58 opt 1.06451612903226 avg 1.06451612903226 excess 0 dia 2
N 63 k 60 opt 1.03225806451613 avg 1.03225806451613 excess 0 dia 2
N 64 k 2 opt 16.2539682539683 avg 16.254 excess 0 dia 32
N 64 k 3 opt 3.76190476190476 avg 3.76587 excess 8 dia 6
N 64 k 4 opt 2.85714285714286 avg 2.86904761904762 excess 24 dia 4
N 64 k 5 opt 2.52380952380952 avg 2.52380952380952 excess 0 dia 3
N 64 k 6 opt 2.33333333333333 avg 2.33333 excess 0 dia 3
N 64 k 7 opt 2.11111111111111 avg 2.11111 excess 0 dia 3
N 64 k 8 opt 1.87301587301587 avg 1.9265873015873 excess 108 dia 3
N 64 k 9 opt 1.85714285714286 avg 1.86805555555556 excess 22 dia 3
N 64 k 10 opt 1.84126984126984 avg 1.84126984126984 excess 0 dia 2
N 64 k 11 opt 1.82539682539683 avg 1.82539682539683 excess 0 dia 2
N 64 k 12 opt 1.80952380952381 avg 1.80952 excess 0 dia 2
N 64 k 13 opt 1.79365079365079 avg 1.79365 excess 0 dia 2
N 64 k 14 opt 1.77777777777778 avg 1.77777777777778 excess 0 dia 2
N 64 k 15 opt 1.76190476190476 avg 1.7619 excess 0 dia 2
N 64 k 16 opt 1.74603174603175 avg 1.74603 excess 0 dia 2
N 64 k 17 opt 1.73015873015873 avg 1.73015873015873 excess 0 dia 2
N 64 k 18 opt 1.71428571428571 avg 1.71428571428571 excess 0 dia 2
N 64 k 19 opt 1.6984126984127 avg 1.69841 excess 0 dia 2
N 64 k 20 opt 1.68253968253968 avg 1.68253968253968 excess 0 dia 2
N 64 k 21 opt 1.66666666666667 avg 1.66666666666667 excess 0 dia 2
N 64 k 22 opt 1.65079365079365 avg 1.65079 excess 0 dia 2
N 64 k 23 opt 1.63492063492063 avg 1.63492 excess 0 dia 2
N 64 k 24 opt 1.61904761904762 avg 1.61904761904762 excess 0 dia 2
N 64 k 25 opt 1.6031746031746 avg 1.60317 excess 0 dia 2
N 64 k 26 opt 1.58730158730159 avg 1.5873 excess 0 dia 2
N 64 k 27 opt 1.57142857142857 avg 1.57142857142857 excess 0 dia 2
N 64 k 28 opt 1.55555555555556 avg 1.55555555555556 excess 0 dia 2
N 64 k 29 opt 1.53968253968254 avg 1.53968 excess 0 dia 2
N 64 k 30 opt 1.52380952380952 avg 1.52380952380952 excess 0 dia 2
N 64 k 31 opt 1.50793650793651 avg 1.50793650793651 excess 0 dia 2
N 64 k 32 opt 1.49206349206349 avg 1.49206 excess 0 dia 2
N 64 k 33 opt 1.47619047619048 avg 1.47619 excess 0 dia 2
N 64 k 34 opt 1.46031746031746 avg 1.46031746031746 excess 0 dia 2
N 64 k 35 opt 1.44444444444444 avg 1.44444 excess 0 dia 2
N 64 k 36 opt 1.42857142857143 avg 1.42857 excess 0 dia 2
N 64 k 37 opt 1.41269841269841 avg 1.41269841269841 excess 0 dia 2
N 64 k 38 opt 1.3968253968254 avg 1.3968253968254 excess 0 dia 2
N 64 k 39 opt 1.38095238095238 avg 1.38095 excess 0 dia 2
N 64 k 40 opt 1.36507936507937 avg 1.36507936507937 excess 0 dia 2
N 64 k 41 opt 1.34920634920635 avg 1.34920634920635 excess 0 dia 2
N 64 k 42 opt 1.33333333333333 avg 1.33333 excess 0 dia 2
N 64 k 43 opt 1.31746031746032 avg 1.31746 excess 0 dia 2
N 64 k 44 opt 1.3015873015873 avg 1.3015873015873 excess 0 dia 2
N 64 k 45 opt 1.28571428571429 avg 1.28571 excess 0 dia 2
N 64 k 46 opt 1.26984126984127 avg 1.26984 excess 0 dia 2
N 64 k 47 opt 1.25396825396825 avg 1.25396825396825 excess 0 dia 2
N 64 k 48 opt 1.23809523809524 avg 1.23809523809524 excess 0 dia 2
N 64 k 49 opt 1.22222222222222 avg 1.22222 excess 0 dia 2
N 64 k 50 opt 1.20634920634921 avg 1.20634920634921 excess 0 dia 2
N 64 k 51 opt 1.19047619047619 avg 1.19047619047619 excess 0 dia 2
N 64 k 52 opt 1.17460317460317 avg 1.1746 excess 0 dia 2
N 64 k 53 opt 1.15873015873016 avg 1.15873 excess 0 dia 2
N 64 k 54 opt 1.14285714285714 avg 1.14285714285714 excess 0 dia 2
N 64 k 55 opt 1.12698412698413 avg 1.12698 excess 0 dia 2
N 64 k 56 opt 1.11111111111111 avg 1.11111 excess 0 dia 2
N 64 k 57 opt 1.0952380952381 avg 1.0952380952381 excess 0 dia 2
N 64 k 58 opt 1.07936507936508 avg 1.07936507936508 excess 0 dia 2
N 64 k 59 opt 1.06349206349206 avg 1.06349 excess 0 dia 2
N 64 k 60 opt 1.04761904761905 avg 1.04761904761905 excess 0 dia 2
N 64 k 61 opt 1.03174603174603 avg 1.03174603174603 excess 0 dia 2
N 64 k 62 opt 1.01587301587302 avg 1.01587 excess 0 dia 2
